This is pdfTeX, Version 3.14159265-2.6-1.40.20 (TeX Live 2019) (preloaded format=pdflatex 2019.9.8)  3 APR 2021 14:35
entering extended mode
 restricted \write18 enabled.
 %&-line parsing enabled.
**analytical.tex
(./analytical.tex
LaTeX2e <2018-12-01>
! Undefined control sequence.
l.1 \chapter
            {–ê–Ω–∞–ª–∏—Ç–∏—á–µ—Å–∫–∏–π —Ä–∞–∑–¥–µ–ª}
The control sequence at the end of the top line
of your error message was never \def'ed. If you have
misspelled it (e.g., `\hobx'), type `I' and the correct
spelling (e.g., `I\hbox'). Otherwise just continue,
and I'll forget about whatever was undefined.


! Package inputenc Error: Unicode character –ê (U+0410)
(inputenc)                not set up for use with LaTeX.

See the inputenc package documentation for explanation.
Type  H <return>  for immediate help.
 ...                                              
                                                  
l.1 \chapter{–ê
               –Ω–∞–ª–∏—Ç–∏—á–µ—Å–∫–∏–π —Ä–∞–∑–¥–µ–ª}
You may provide a definition with
\DeclareUnicodeCharacter 


! Package inputenc Error: Unicode character –Ω (U+043D)
(inputenc)                not set up for use with LaTeX.

See the inputenc package documentation for explanation.
Type  H <return>  for immediate help.
 ...                                              
                                                  
l.1 \chapter{–ê–Ω
                 –∞–ª–∏—Ç–∏—á–µ—Å–∫–∏–π —Ä–∞–∑–¥–µ–ª}
You may provide a definition with
\DeclareUnicodeCharacter 


! Package inputenc Error: Unicode character –∞ (U+0430)
(inputenc)                not set up for use with LaTeX.

See the inputenc package documentation for explanation.
Type  H <return>  for immediate help.
 ...                                              
                                                  
l.1 \chapter{–ê–Ω–∞
                   –ª–∏—Ç–∏—á–µ—Å–∫–∏–π —Ä–∞–∑–¥–µ–ª}
You may provide a definition with
\DeclareUnicodeCharacter 


! Package inputenc Error: Unicode character –ª (U+043B)
(inputenc)                not set up for use with LaTeX.

See the inputenc package documentation for explanation.
Type  H <return>  for immediate help.
 ...                                              
                                                  
l.1 \chapter{–ê–Ω–∞–ª
                     –∏—Ç–∏—á–µ—Å–∫–∏–π —Ä–∞–∑–¥–µ–ª}
You may provide a definition with
\DeclareUnicodeCharacter 


! Package inputenc Error: Unicode character –∏ (U+0438)
(inputenc)                not set up for use with LaTeX.

See the inputenc package documentation for explanation.
Type  H <return>  for immediate help.
 ...                                              
                                                  
l.1 \chapter{–ê–Ω–∞–ª–∏
                       —Ç–∏—á–µ—Å–∫–∏–π —Ä–∞–∑–¥–µ–ª}
You may provide a definition with
\DeclareUnicodeCharacter 


! Package inputenc Error: Unicode character —Ç (U+0442)
(inputenc)                not set up for use with LaTeX.

See the inputenc package documentation for explanation.
Type  H <return>  for immediate help.
 ...                                              
                                                  
l.1 \chapter{–ê–Ω–∞–ª–∏—Ç
                         –∏—á–µ—Å–∫–∏–π —Ä–∞–∑–¥–µ–ª}
You may provide a definition with
\DeclareUnicodeCharacter 


! Package inputenc Error: Unicode character –∏ (U+0438)
(inputenc)                not set up for use with LaTeX.

See the inputenc package documentation for explanation.
Type  H <return>  for immediate help.
 ...                                              
                                                  
l.1 \chapter{–ê–Ω–∞–ª–∏—Ç–∏
                           —á–µ—Å–∫–∏–π —Ä–∞–∑–¥–µ–ª}
You may provide a definition with
\DeclareUnicodeCharacter 


! Package inputenc Error: Unicode character —á (U+0447)
(inputenc)                not set up for use with LaTeX.

See the inputenc package documentation for explanation.
Type  H <return>  for immediate help.
 ...                                              
                                                  
l.1 \chapter{–ê–Ω–∞–ª–∏—Ç–∏—á
                             –µ—Å–∫–∏–π —Ä–∞–∑–¥–µ–ª}
You may provide a definition with
\DeclareUnicodeCharacter 


! Package inputenc Error: Unicode character –µ (U+0435)
(inputenc)                not set up for use with LaTeX.

See the inputenc package documentation for explanation.
Type  H <return>  for immediate help.
 ...                                              
                                                  
l.1 \chapter{–ê–Ω–∞–ª–∏—Ç–∏—á–µ
                               —Å–∫–∏–π —Ä–∞–∑–¥–µ–ª}
You may provide a definition with
\DeclareUnicodeCharacter 


! Package inputenc Error: Unicode character —Å (U+0441)
(inputenc)                not set up for use with LaTeX.

See the inputenc package documentation for explanation.
Type  H <return>  for immediate help.
 ...                                              
                                                  
l.1 \chapter{–ê–Ω–∞–ª–∏—Ç–∏—á–µ—Å
                                 –∫–∏–π —Ä–∞–∑–¥–µ–ª}
You may provide a definition with
\DeclareUnicodeCharacter 


! Package inputenc Error: Unicode character –∫ (U+043A)
(inputenc)                not set up for use with LaTeX.

See the inputenc package documentation for explanation.
Type  H <return>  for immediate help.
 ...                                              
                                                  
l.1 \chapter{–ê–Ω–∞–ª–∏—Ç–∏—á–µ—Å–∫
                                   –∏–π —Ä–∞–∑–¥–µ–ª}
You may provide a definition with
\DeclareUnicodeCharacter 


! Package inputenc Error: Unicode character –∏ (U+0438)
(inputenc)                not set up for use with LaTeX.

See the inputenc package documentation for explanation.
Type  H <return>  for immediate help.
 ...                                              
                                                  
l.1 \chapter{–ê–Ω–∞–ª–∏—Ç–∏—á–µ—Å–∫–∏
                                     –π —Ä–∞–∑–¥–µ–ª}
You may provide a definition with
\DeclareUnicodeCharacter 


! Package inputenc Error: Unicode character –π (U+0439)
(inputenc)                not set up for use with LaTeX.

See the inputenc package documentation for explanation.
Type  H <return>  for immediate help.
 ...                                              
                                                  
l.1 \chapter{–ê–Ω–∞–ª–∏—Ç–∏—á–µ—Å–∫–∏–π
                                        —Ä–∞–∑–¥–µ–ª}
You may provide a definition with
\DeclareUnicodeCharacter 


! Package inputenc Error: Unicode character —Ä (U+0440)
(inputenc)                not set up for use with LaTeX.

See the inputenc package documentation for explanation.
Type  H <return>  for immediate help.
 ...                                              
                                                  
l.1 \chapter{–ê–Ω–∞–ª–∏—Ç–∏—á–µ—Å–∫–∏–π —Ä
                                          –∞–∑–¥–µ–ª}
You may provide a definition with
\DeclareUnicodeCharacter 


! Package inputenc Error: Unicode character –∞ (U+0430)
(inputenc)                not set up for use with LaTeX.

See the inputenc package documentation for explanation.
Type  H <return>  for immediate help.
 ...                                              
                                                  
l.1 \chapter{–ê–Ω–∞–ª–∏—Ç–∏—á–µ—Å–∫–∏–π —Ä–∞
                                            –∑–¥–µ–ª}
You may provide a definition with
\DeclareUnicodeCharacter 


! Package inputenc Error: Unicode character –∑ (U+0437)
(inputenc)                not set up for use with LaTeX.

See the inputenc package documentation for explanation.
Type  H <return>  for immediate help.
 ...                                              
                                                  
l.1 \chapter{–ê–Ω–∞–ª–∏—Ç–∏—á–µ—Å–∫–∏–π —Ä–∞–∑
                                              –¥–µ–ª}
You may provide a definition with
\DeclareUnicodeCharacter 


! Package inputenc Error: Unicode character –¥ (U+0434)
(inputenc)                not set up for use with LaTeX.

See the inputenc package documentation for explanation.
Type  H <return>  for immediate help.
 ...                                              
                                                  
l.1 \chapter{–ê–Ω–∞–ª–∏—Ç–∏—á–µ—Å–∫–∏–π —Ä–∞–∑–¥
                                                –µ–ª}
You may provide a definition with
\DeclareUnicodeCharacter 


! Package inputenc Error: Unicode character –µ (U+0435)
(inputenc)                not set up for use with LaTeX.

See the inputenc package documentation for explanation.
Type  H <return>  for immediate help.
 ...                                              
                                                  
l.1 \chapter{–ê–Ω–∞–ª–∏—Ç–∏—á–µ—Å–∫–∏–π —Ä–∞–∑–¥–µ
                                                  –ª}
You may provide a definition with
\DeclareUnicodeCharacter 


! Package inputenc Error: Unicode character –ª (U+043B)
(inputenc)                not set up for use with LaTeX.

See the inputenc package documentation for explanation.
Type  H <return>  for immediate help.
 ...                                              
                                                  
l.1 ...ter{–ê–Ω–∞–ª–∏—Ç–∏—á–µ—Å–∫–∏–π —Ä–∞–∑–¥–µ–ª
                                                  }
You may provide a definition with
\DeclareUnicodeCharacter 


! Package inputenc Error: Unicode character –í (U+0412)
(inputenc)                not set up for use with LaTeX.

See the inputenc package documentation for explanation.
Type  H <return>  for immediate help.
 ...                                              
                                                  
l.4 –í
       –¥–∞–Ω–Ω–æ–º —Ä–∞–∑–¥–µ–ª–µ —Ä–∞—Å—Å–º–∞—Ç—Ä–∏–≤–∞–µ—Ç—Å—è –ø–æ–Ω—è—Ç...

You may provide a definition with
\DeclareUnicodeCharacter 


! Package inputenc Error: Unicode character –¥ (U+0434)
(inputenc)                not set up for use with LaTeX.

See the inputenc package documentation for explanation.
Type  H <return>  for immediate help.
 ...                                              
                                                  
l.4 –í –¥
         –∞–Ω–Ω–æ–º —Ä–∞–∑–¥–µ–ª–µ —Ä–∞—Å—Å–º–∞—Ç—Ä–∏–≤–∞–µ—Ç—Å—è –ø–æ–Ω—è—Ç...

You may provide a definition with
\DeclareUnicodeCharacter 


! Package inputenc Error: Unicode character –∞ (U+0430)
(inputenc)                not set up for use with LaTeX.

See the inputenc package documentation for explanation.
Type  H <return>  for immediate help.
 ...                                              
                                                  
l.4 –í –¥–∞
           –Ω–Ω–æ–º —Ä–∞–∑–¥–µ–ª–µ —Ä–∞—Å—Å–º–∞—Ç—Ä–∏–≤–∞–µ—Ç—Å—è –ø–æ–Ω—è—Ç...

You may provide a definition with
\DeclareUnicodeCharacter 


! Package inputenc Error: Unicode character –Ω (U+043D)
(inputenc)                not set up for use with LaTeX.

See the inputenc package documentation for explanation.
Type  H <return>  for immediate help.
 ...                                              
                                                  
l.4 –í –¥–∞–Ω
             –Ω–æ–º —Ä–∞–∑–¥–µ–ª–µ —Ä–∞—Å—Å–º–∞—Ç—Ä–∏–≤–∞–µ—Ç—Å—è –ø–æ–Ω—è—Ç...

You may provide a definition with
\DeclareUnicodeCharacter 


! Package inputenc Error: Unicode character –Ω (U+043D)
(inputenc)                not set up for use with LaTeX.

See the inputenc package documentation for explanation.
Type  H <return>  for immediate help.
 ...                                              
                                                  
l.4 –í –¥–∞–Ω–Ω
               –æ–º —Ä–∞–∑–¥–µ–ª–µ —Ä–∞—Å—Å–º–∞—Ç—Ä–∏–≤–∞–µ—Ç—Å—è –ø–æ–Ω—è—Ç...

You may provide a definition with
\DeclareUnicodeCharacter 


! Package inputenc Error: Unicode character –æ (U+043E)
(inputenc)                not set up for use with LaTeX.

See the inputenc package documentation for explanation.
Type  H <return>  for immediate help.
 ...                                              
                                                  
l.4 –í –¥–∞–Ω–Ω–æ
                 –º —Ä–∞–∑–¥–µ–ª–µ —Ä–∞—Å—Å–º–∞—Ç—Ä–∏–≤–∞–µ—Ç—Å—è –ø–æ–Ω—è—Ç...

You may provide a definition with
\DeclareUnicodeCharacter 


! Package inputenc Error: Unicode character –º (U+043C)
(inputenc)                not set up for use with LaTeX.

See the inputenc package documentation for explanation.
Type  H <return>  for immediate help.
 ...                                              
                                                  
l.4 –í –¥–∞–Ω–Ω–æ–º
                    —Ä–∞–∑–¥–µ–ª–µ —Ä–∞—Å—Å–º–∞—Ç—Ä–∏–≤–∞–µ—Ç—Å—è –ø–æ–Ω—è—Ç...

You may provide a definition with
\DeclareUnicodeCharacter 


! Package inputenc Error: Unicode character —Ä (U+0440)
(inputenc)                not set up for use with LaTeX.

See the inputenc package documentation for explanation.
Type  H <return>  for immediate help.
 ...                                              
                                                  
l.4 –í –¥–∞–Ω–Ω–æ–º —Ä
                      –∞–∑–¥–µ–ª–µ —Ä–∞—Å—Å–º–∞—Ç—Ä–∏–≤–∞–µ—Ç—Å—è –ø–æ–Ω—è—Ç...

You may provide a definition with
\DeclareUnicodeCharacter 


! Package inputenc Error: Unicode character –∞ (U+0430)
(inputenc)                not set up for use with LaTeX.

See the inputenc package documentation for explanation.
Type  H <return>  for immediate help.
 ...                                              
                                                  
l.4 –í –¥–∞–Ω–Ω–æ–º —Ä–∞
                        –∑–¥–µ–ª–µ —Ä–∞—Å—Å–º–∞—Ç—Ä–∏–≤–∞–µ—Ç—Å—è –ø–æ–Ω—è—Ç...

You may provide a definition with
\DeclareUnicodeCharacter 


! Package inputenc Error: Unicode character –∑ (U+0437)
(inputenc)                not set up for use with LaTeX.

See the inputenc package documentation for explanation.
Type  H <return>  for immediate help.
 ...                                              
                                                  
l.4 –í –¥–∞–Ω–Ω–æ–º —Ä–∞–∑
                          –¥–µ–ª–µ —Ä–∞—Å—Å–º–∞—Ç—Ä–∏–≤–∞–µ—Ç—Å—è –ø–æ–Ω—è—Ç...

You may provide a definition with
\DeclareUnicodeCharacter 


! Package inputenc Error: Unicode character –¥ (U+0434)
(inputenc)                not set up for use with LaTeX.

See the inputenc package documentation for explanation.
Type  H <return>  for immediate help.
 ...                                              
                                                  
l.4 –í –¥–∞–Ω–Ω–æ–º —Ä–∞–∑–¥
                            –µ–ª–µ —Ä–∞—Å—Å–º–∞—Ç—Ä–∏–≤–∞–µ—Ç—Å—è –ø–æ–Ω—è—Ç...

You may provide a definition with
\DeclareUnicodeCharacter 


! Package inputenc Error: Unicode character –µ (U+0435)
(inputenc)                not set up for use with LaTeX.

See the inputenc package documentation for explanation.
Type  H <return>  for immediate help.
 ...                                              
                                                  
l.4 –í –¥–∞–Ω–Ω–æ–º —Ä–∞–∑–¥–µ
                              –ª–µ —Ä–∞—Å—Å–º–∞—Ç—Ä–∏–≤–∞–µ—Ç—Å—è –ø–æ–Ω—è—Ç...

You may provide a definition with
\DeclareUnicodeCharacter 


! Package inputenc Error: Unicode character –ª (U+043B)
(inputenc)                not set up for use with LaTeX.

See the inputenc package documentation for explanation.
Type  H <return>  for immediate help.
 ...                                              
                                                  
l.4 –í –¥–∞–Ω–Ω–æ–º —Ä–∞–∑–¥–µ–ª
                                –µ —Ä–∞—Å—Å–º–∞—Ç—Ä–∏–≤–∞–µ—Ç—Å—è –ø–æ–Ω—è—Ç...

You may provide a definition with
\DeclareUnicodeCharacter 


! Package inputenc Error: Unicode character –µ (U+0435)
(inputenc)                not set up for use with LaTeX.

See the inputenc package documentation for explanation.
Type  H <return>  for immediate help.
 ...                                              
                                                  
l.4 –í –¥–∞–Ω–Ω–æ–º —Ä–∞–∑–¥–µ–ª–µ
                                   —Ä–∞—Å—Å–º–∞—Ç—Ä–∏–≤–∞–µ—Ç—Å—è –ø–æ–Ω—è—Ç...

You may provide a definition with
\DeclareUnicodeCharacter 


! Package inputenc Error: Unicode character —Ä (U+0440)
(inputenc)                not set up for use with LaTeX.

See the inputenc package documentation for explanation.
Type  H <return>  for immediate help.
 ...                                              
                                                  
l.4 –í –¥–∞–Ω–Ω–æ–º —Ä–∞–∑–¥–µ–ª–µ —Ä
                                     –∞—Å—Å–º–∞—Ç—Ä–∏–≤–∞–µ—Ç—Å—è –ø–æ–Ω—è—Ç...

You may provide a definition with
\DeclareUnicodeCharacter 


! Package inputenc Error: Unicode character –∞ (U+0430)
(inputenc)                not set up for use with LaTeX.

See the inputenc package documentation for explanation.
Type  H <return>  for immediate help.
 ...                                              
                                                  
l.4 –í –¥–∞–Ω–Ω–æ–º —Ä–∞–∑–¥–µ–ª–µ —Ä–∞
                                       —Å—Å–º–∞—Ç—Ä–∏–≤–∞–µ—Ç—Å—è –ø–æ–Ω—è—Ç...

You may provide a definition with
\DeclareUnicodeCharacter 


! Package inputenc Error: Unicode character —Å (U+0441)
(inputenc)                not set up for use with LaTeX.

See the inputenc package documentation for explanation.
Type  H <return>  for immediate help.
 ...                                              
                                                  
l.4 –í –¥–∞–Ω–Ω–æ–º —Ä–∞–∑–¥–µ–ª–µ —Ä–∞—Å
                                         —Å–º–∞—Ç—Ä–∏–≤–∞–µ—Ç—Å—è –ø–æ–Ω—è—Ç...

You may provide a definition with
\DeclareUnicodeCharacter 


! Package inputenc Error: Unicode character —Å (U+0441)
(inputenc)                not set up for use with LaTeX.

See the inputenc package documentation for explanation.
Type  H <return>  for immediate help.
 ...                                              
                                                  
l.4 –í –¥–∞–Ω–Ω–æ–º —Ä–∞–∑–¥–µ–ª–µ —Ä–∞—Å—Å
                                           –º–∞—Ç—Ä–∏–≤–∞–µ—Ç—Å—è –ø–æ–Ω—è—Ç...

You may provide a definition with
\DeclareUnicodeCharacter 


! Package inputenc Error: Unicode character –º (U+043C)
(inputenc)                not set up for use with LaTeX.

See the inputenc package documentation for explanation.
Type  H <return>  for immediate help.
 ...                                              
                                                  
l.4 –í –¥–∞–Ω–Ω–æ–º —Ä–∞–∑–¥–µ–ª–µ —Ä–∞—Å—Å–º
                                             –∞—Ç—Ä–∏–≤–∞–µ—Ç—Å—è –ø–æ–Ω—è—Ç...

You may provide a definition with
\DeclareUnicodeCharacter 


! Package inputenc Error: Unicode character –∞ (U+0430)
(inputenc)                not set up for use with LaTeX.

See the inputenc package documentation for explanation.
Type  H <return>  for immediate help.
 ...                                              
                                                  
l.4 –í –¥–∞–Ω–Ω–æ–º —Ä–∞–∑–¥–µ–ª–µ —Ä–∞—Å—Å–º–∞
                                               —Ç—Ä–∏–≤–∞–µ—Ç—Å—è –ø–æ–Ω—è—Ç...

You may provide a definition with
\DeclareUnicodeCharacter 


! Package inputenc Error: Unicode character —Ç (U+0442)
(inputenc)                not set up for use with LaTeX.

See the inputenc package documentation for explanation.
Type  H <return>  for immediate help.
 ...                                              
                                                  
l.4 –í –¥–∞–Ω–Ω–æ–º —Ä–∞–∑–¥–µ–ª–µ —Ä–∞—Å—Å–º–∞—Ç
                                                 —Ä–∏–≤–∞–µ—Ç—Å—è –ø–æ–Ω—è—Ç...

You may provide a definition with
\DeclareUnicodeCharacter 


! Package inputenc Error: Unicode character —Ä (U+0440)
(inputenc)                not set up for use with LaTeX.

See the inputenc package documentation for explanation.
Type  H <return>  for immediate help.
 ...                                              
                                                  
l.4 ...¥–∞–Ω–Ω–æ–º —Ä–∞–∑–¥–µ–ª–µ —Ä–∞—Å—Å–º–∞—Ç—Ä
                                                  –∏–≤–∞–µ—Ç—Å—è –ø–æ–Ω—è—Ç–...

You may provide a definition with
\DeclareUnicodeCharacter 


! Package inputenc Error: Unicode character –∏ (U+0438)
(inputenc)                not set up for use with LaTeX.

See the inputenc package documentation for explanation.
Type  H <return>  for immediate help.
 ...                                              
                                                  
l.4 ...∞–Ω–Ω–æ–º —Ä–∞–∑–¥–µ–ª–µ —Ä–∞—Å—Å–º–∞—Ç—Ä–∏
                                                  –≤–∞–µ—Ç—Å—è –ø–æ–Ω—è—Ç–∏–...

You may provide a definition with
\DeclareUnicodeCharacter 


! Package inputenc Error: Unicode character –≤ (U+0432)
(inputenc)                not set up for use with LaTeX.

See the inputenc package documentation for explanation.
Type  H <return>  for immediate help.
 ...                                              
                                                  
l.4 ...Ω–Ω–æ–º —Ä–∞–∑–¥–µ–ª–µ —Ä–∞—Å—Å–º–∞—Ç—Ä–∏–≤
                                                  –∞–µ—Ç—Å—è –ø–æ–Ω—è—Ç–∏–µ ...

You may provide a definition with
\DeclareUnicodeCharacter 


! Package inputenc Error: Unicode character –∞ (U+0430)
(inputenc)                not set up for use with LaTeX.

See the inputenc package documentation for explanation.
Type  H <return>  for immediate help.
 ...                                              
                                                  
l.4 ...Ω–æ–º —Ä–∞–∑–¥–µ–ª–µ —Ä–∞—Å—Å–º–∞—Ç—Ä–∏–≤–∞
                                                  –µ—Ç—Å—è –ø–æ–Ω—è—Ç–∏–µ –∞...

You may provide a definition with
\DeclareUnicodeCharacter 


! Package inputenc Error: Unicode character –µ (U+0435)
(inputenc)                not set up for use with LaTeX.

See the inputenc package documentation for explanation.
Type  H <return>  for immediate help.
 ...                                              
                                                  
l.4 ...æ–º —Ä–∞–∑–¥–µ–ª–µ —Ä–∞—Å—Å–º–∞—Ç—Ä–∏–≤–∞–µ
                                                  —Ç—Å—è –ø–æ–Ω—è—Ç–∏–µ –∞–≤...

You may provide a definition with
\DeclareUnicodeCharacter 


! Package inputenc Error: Unicode character —Ç (U+0442)
(inputenc)                not set up for use with LaTeX.

See the inputenc package documentation for explanation.
Type  H <return>  for immediate help.
 ...                                              
                                                  
l.4 ...º —Ä–∞–∑–¥–µ–ª–µ —Ä–∞—Å—Å–º–∞—Ç—Ä–∏–≤–∞–µ—Ç
                                                  —Å—è –ø–æ–Ω—è—Ç–∏–µ –∞–≤—Ç...

You may provide a definition with
\DeclareUnicodeCharacter 


! Package inputenc Error: Unicode character —Å (U+0441)
(inputenc)                not set up for use with LaTeX.

See the inputenc package documentation for explanation.
Type  H <return>  for immediate help.
 ...                                              
                                                  
l.4 ...—Ä–∞–∑–¥–µ–ª–µ —Ä–∞—Å—Å–º–∞—Ç—Ä–∏–≤–∞–µ—Ç—Å
                                                  —è –ø–æ–Ω—è—Ç–∏–µ –∞–≤—Ç–æ...

You may provide a definition with
\DeclareUnicodeCharacter 


! Package inputenc Error: Unicode character —è (U+044F)
(inputenc)                not set up for use with LaTeX.

See the inputenc package documentation for explanation.
Type  H <return>  for immediate help.
 ...                                              
                                                  
l.4 ...–∞–∑–¥–µ–ª–µ —Ä–∞—Å—Å–º–∞—Ç—Ä–∏–≤–∞–µ—Ç—Å—è
                                                   –ø–æ–Ω—è—Ç–∏–µ –∞–≤—Ç–æ—Ä...

You may provide a definition with
\DeclareUnicodeCharacter 


! Package inputenc Error: Unicode character –ø (U+043F)
(inputenc)                not set up for use with LaTeX.

See the inputenc package documentation for explanation.
Type  H <return>  for immediate help.
 ...                                              
                                                  
l.4 ...∑–¥–µ–ª–µ —Ä–∞—Å—Å–º–∞—Ç—Ä–∏–≤–∞–µ—Ç—Å—è –ø
                                                  –æ–Ω—è—Ç–∏–µ –∞–≤—Ç–æ—Ä—Å–...

You may provide a definition with
\DeclareUnicodeCharacter 


! Package inputenc Error: Unicode character –æ (U+043E)
(inputenc)                not set up for use with LaTeX.

See the inputenc package documentation for explanation.
Type  H <return>  for immediate help.
 ...                                              
                                                  
l.4 ...¥–µ–ª–µ —Ä–∞—Å—Å–º–∞—Ç—Ä–∏–≤–∞–µ—Ç—Å—è –ø–æ
                                                  –Ω—è—Ç–∏–µ –∞–≤—Ç–æ—Ä—Å–∫–...

You may provide a definition with
\DeclareUnicodeCharacter 


! Package inputenc Error: Unicode character –Ω (U+043D)
(inputenc)                not set up for use with LaTeX.

See the inputenc package documentation for explanation.
Type  H <return>  for immediate help.
 ...                                              
                                                  
l.4 ...µ–ª–µ —Ä–∞—Å—Å–º–∞—Ç—Ä–∏–≤–∞–µ—Ç—Å—è –ø–æ–Ω
                                                  —è—Ç–∏–µ –∞–≤—Ç–æ—Ä—Å–∫–æ–...

You may provide a definition with
\DeclareUnicodeCharacter 


! Package inputenc Error: Unicode character —è (U+044F)
(inputenc)                not set up for use with LaTeX.

See the inputenc package documentation for explanation.
Type  H <return>  for immediate help.
 ...                                              
                                                  
l.4 ...ª–µ —Ä–∞—Å—Å–º–∞—Ç—Ä–∏–≤–∞–µ—Ç—Å—è –ø–æ–Ω—è
                                                  —Ç–∏–µ –∞–≤—Ç–æ—Ä—Å–∫–æ–≥–...

You may provide a definition with
\DeclareUnicodeCharacter 


! Package inputenc Error: Unicode character —Ç (U+0442)
(inputenc)                not set up for use with LaTeX.

See the inputenc package documentation for explanation.
Type  H <return>  for immediate help.
 ...                                              
                                                  
l.4 ...µ —Ä–∞—Å—Å–º–∞—Ç—Ä–∏–≤–∞–µ—Ç—Å—è –ø–æ–Ω—è—Ç
                                                  –∏–µ –∞–≤—Ç–æ—Ä—Å–∫–æ–≥–æ ...

You may provide a definition with
\DeclareUnicodeCharacter 


! Package inputenc Error: Unicode character –∏ (U+0438)
(inputenc)                not set up for use with LaTeX.

See the inputenc package documentation for explanation.
Type  H <return>  for immediate help.
 ...                                              
                                                  
l.4 ...—Ä–∞—Å—Å–º–∞—Ç—Ä–∏–≤–∞–µ—Ç—Å—è –ø–æ–Ω—è—Ç–∏
                                                  –µ –∞–≤—Ç–æ—Ä—Å–∫–æ–≥–æ —Å...

You may provide a definition with
\DeclareUnicodeCharacter 


! Package inputenc Error: Unicode character –µ (U+0435)
(inputenc)                not set up for use with LaTeX.

See the inputenc package documentation for explanation.
Type  H <return>  for immediate help.
 ...                                              
                                                  
l.4 ...–∞—Å—Å–º–∞—Ç—Ä–∏–≤–∞–µ—Ç—Å—è –ø–æ–Ω—è—Ç–∏–µ
                                                   –∞–≤—Ç–æ—Ä—Å–∫–æ–≥–æ —Å—Ç...

You may provide a definition with
\DeclareUnicodeCharacter 


! Package inputenc Error: Unicode character –∞ (U+0430)
(inputenc)                not set up for use with LaTeX.

See the inputenc package documentation for explanation.
Type  H <return>  for immediate help.
 ...                                              
                                                  
l.4 ...Å—Å–º–∞—Ç—Ä–∏–≤–∞–µ—Ç—Å—è –ø–æ–Ω—è—Ç–∏–µ –∞
                                                  –≤—Ç–æ—Ä—Å–∫–æ–≥–æ —Å—Ç–∏–...

You may provide a definition with
\DeclareUnicodeCharacter 


! Package inputenc Error: Unicode character –≤ (U+0432)
(inputenc)                not set up for use with LaTeX.

See the inputenc package documentation for explanation.
Type  H <return>  for immediate help.
 ...                                              
                                                  
l.4 ...Å–º–∞—Ç—Ä–∏–≤–∞–µ—Ç—Å—è –ø–æ–Ω—è—Ç–∏–µ –∞–≤
                                                  —Ç–æ—Ä—Å–∫–æ–≥–æ —Å—Ç–∏–ª—...

You may provide a definition with
\DeclareUnicodeCharacter 


! Package inputenc Error: Unicode character —Ç (U+0442)
(inputenc)                not set up for use with LaTeX.

See the inputenc package documentation for explanation.
Type  H <return>  for immediate help.
 ...                                              
                                                  
l.4 ...º–∞—Ç—Ä–∏–≤–∞–µ—Ç—Å—è –ø–æ–Ω—è—Ç–∏–µ –∞–≤—Ç
                                                  –æ—Ä—Å–∫–æ–≥–æ —Å—Ç–∏–ª—è ...

You may provide a definition with
\DeclareUnicodeCharacter 


! Package inputenc Error: Unicode character –æ (U+043E)
(inputenc)                not set up for use with LaTeX.

See the inputenc package documentation for explanation.
Type  H <return>  for immediate help.
 ...                                              
                                                  
l.4 ...∞—Ç—Ä–∏–≤–∞–µ—Ç—Å—è –ø–æ–Ω—è—Ç–∏–µ –∞–≤—Ç–æ
                                                  —Ä—Å–∫–æ–≥–æ —Å—Ç–∏–ª—è –∏...

You may provide a definition with
\DeclareUnicodeCharacter 


! Package inputenc Error: Unicode character —Ä (U+0440)
(inputenc)                not set up for use with LaTeX.

See the inputenc package documentation for explanation.
Type  H <return>  for immediate help.
 ...                                              
                                                  
l.4 ...Ç—Ä–∏–≤–∞–µ—Ç—Å—è –ø–æ–Ω—è—Ç–∏–µ –∞–≤—Ç–æ—Ä
                                                  —Å–∫–æ–≥–æ —Å—Ç–∏–ª—è –∏ —...

You may provide a definition with
\DeclareUnicodeCharacter 


! Package inputenc Error: Unicode character —Å (U+0441)
(inputenc)                not set up for use with LaTeX.

See the inputenc package documentation for explanation.
Type  H <return>  for immediate help.
 ...                                              
                                                  
l.4 ...Ä–∏–≤–∞–µ—Ç—Å—è –ø–æ–Ω—è—Ç–∏–µ –∞–≤—Ç–æ—Ä—Å
                                                  –∫–æ–≥–æ —Å—Ç–∏–ª—è –∏ —Å—...

You may provide a definition with
\DeclareUnicodeCharacter 


! Package inputenc Error: Unicode character –∫ (U+043A)
(inputenc)                not set up for use with LaTeX.

See the inputenc package documentation for explanation.
Type  H <return>  for immediate help.
 ...                                              
                                                  
l.4 ...∏–≤–∞–µ—Ç—Å—è –ø–æ–Ω—è—Ç–∏–µ –∞–≤—Ç–æ—Ä—Å–∫
                                                  –æ–≥–æ —Å—Ç–∏–ª—è –∏ —Å—Ç–...

You may provide a definition with
\DeclareUnicodeCharacter 


! Package inputenc Error: Unicode character –æ (U+043E)
(inputenc)                not set up for use with LaTeX.

See the inputenc package documentation for explanation.
Type  H <return>  for immediate help.
 ...                                              
                                                  
l.4 ...≤–∞–µ—Ç—Å—è –ø–æ–Ω—è—Ç–∏–µ –∞–≤—Ç–æ—Ä—Å–∫–æ
                                                  –≥–æ —Å—Ç–∏–ª—è –∏ —Å—Ç–∏–...

You may provide a definition with
\DeclareUnicodeCharacter 


! Package inputenc Error: Unicode character –≥ (U+0433)
(inputenc)                not set up for use with LaTeX.

See the inputenc package documentation for explanation.
Type  H <return>  for immediate help.
 ...                                              
                                                  
l.4 ...∞–µ—Ç—Å—è –ø–æ–Ω—è—Ç–∏–µ –∞–≤—Ç–æ—Ä—Å–∫–æ–≥
                                                  –æ —Å—Ç–∏–ª—è –∏ —Å—Ç–∏–ª–...

You may provide a definition with
\DeclareUnicodeCharacter 


! Package inputenc Error: Unicode character –æ (U+043E)
(inputenc)                not set up for use with LaTeX.

See the inputenc package documentation for explanation.
Type  H <return>  for immediate help.
 ...                                              
                                                  
l.4 ...µ—Ç—Å—è –ø–æ–Ω—è—Ç–∏–µ –∞–≤—Ç–æ—Ä—Å–∫–æ–≥–æ
                                                   —Å—Ç–∏–ª—è –∏ —Å—Ç–∏–ª–µ–...

You may provide a definition with
\DeclareUnicodeCharacter 


! Package inputenc Error: Unicode character —Å (U+0441)
(inputenc)                not set up for use with LaTeX.

See the inputenc package documentation for explanation.
Type  H <return>  for immediate help.
 ...                                              
                                                  
l.4 ...—Å—è –ø–æ–Ω—è—Ç–∏–µ –∞–≤—Ç–æ—Ä—Å–∫–æ–≥–æ —Å
                                                  —Ç–∏–ª—è –∏ —Å—Ç–∏–ª–µ–º–µ...

You may provide a definition with
\DeclareUnicodeCharacter 


! Package inputenc Error: Unicode character —Ç (U+0442)
(inputenc)                not set up for use with LaTeX.

See the inputenc package documentation for explanation.
Type  H <return>  for immediate help.
 ...                                              
                                                  
l.4 ...—è –ø–æ–Ω—è—Ç–∏–µ –∞–≤—Ç–æ—Ä—Å–∫–æ–≥–æ —Å—Ç
                                                  –∏–ª—è –∏ —Å—Ç–∏–ª–µ–º–µ—Ç...

You may provide a definition with
\DeclareUnicodeCharacter 


! Package inputenc Error: Unicode character –∏ (U+0438)
(inputenc)                not set up for use with LaTeX.

See the inputenc package documentation for explanation.
Type  H <return>  for immediate help.
 ...                                              
                                                  
l.4 ... –ø–æ–Ω—è—Ç–∏–µ –∞–≤—Ç–æ—Ä—Å–∫–æ–≥–æ —Å—Ç–∏
                                                  –ª—è –∏ —Å—Ç–∏–ª–µ–º–µ—Ç—Ä...

You may provide a definition with
\DeclareUnicodeCharacter 


! Package inputenc Error: Unicode character –ª (U+043B)
(inputenc)                not set up for use with LaTeX.

See the inputenc package documentation for explanation.
Type  H <return>  for immediate help.
 ...                                              
                                                  
l.4 ...ø–æ–Ω—è—Ç–∏–µ –∞–≤—Ç–æ—Ä—Å–∫–æ–≥–æ —Å—Ç–∏–ª
                                                  —è –∏ —Å—Ç–∏–ª–µ–º–µ—Ç—Ä–∏...

You may provide a definition with
\DeclareUnicodeCharacter 


! Package inputenc Error: Unicode character —è (U+044F)
(inputenc)                not set up for use with LaTeX.

See the inputenc package documentation for explanation.
Type  H <return>  for immediate help.
 ...                                              
                                                  
l.4 ...æ–Ω—è—Ç–∏–µ –∞–≤—Ç–æ—Ä—Å–∫–æ–≥–æ —Å—Ç–∏–ª—è
                                                   –∏ —Å—Ç–∏–ª–µ–º–µ—Ç—Ä–∏—á...

You may provide a definition with
\DeclareUnicodeCharacter 


! Package inputenc Error: Unicode character –∏ (U+0438)
(inputenc)                not set up for use with LaTeX.

See the inputenc package documentation for explanation.
Type  H <return>  for immediate help.
 ...                                              
                                                  
l.4 ...—è—Ç–∏–µ –∞–≤—Ç–æ—Ä—Å–∫–æ–≥–æ —Å—Ç–∏–ª—è –∏
                                                   —Å—Ç–∏–ª–µ–º–µ—Ç—Ä–∏—á–µ—...

You may provide a definition with
\DeclareUnicodeCharacter 


! Package inputenc Error: Unicode character —Å (U+0441)
(inputenc)                not set up for use with LaTeX.

See the inputenc package documentation for explanation.
Type  H <return>  for immediate help.
 ...                                              
                                                  
l.4 ...Ç–∏–µ –∞–≤—Ç–æ—Ä—Å–∫–æ–≥–æ —Å—Ç–∏–ª—è –∏ —Å
                                                  —Ç–∏–ª–µ–º–µ—Ç—Ä–∏—á–µ—Å–∫...

You may provide a definition with
\DeclareUnicodeCharacter 


! Package inputenc Error: Unicode character —Ç (U+0442)
(inputenc)                not set up for use with LaTeX.

See the inputenc package documentation for explanation.
Type  H <return>  for immediate help.
 ...                                              
                                                  
l.4 ...∏–µ –∞–≤—Ç–æ—Ä—Å–∫–æ–≥–æ —Å—Ç–∏–ª—è –∏ —Å—Ç
                                                  –∏–ª–µ–º–µ—Ç—Ä–∏—á–µ—Å–∫–∏...

You may provide a definition with
\DeclareUnicodeCharacter 


! Package inputenc Error: Unicode character –∏ (U+0438)
(inputenc)                not set up for use with LaTeX.

See the inputenc package documentation for explanation.
Type  H <return>  for immediate help.
 ...                                              
                                                  
l.4 ...µ –∞–≤—Ç–æ—Ä—Å–∫–æ–≥–æ —Å—Ç–∏–ª—è –∏ —Å—Ç–∏
                                                  –ª–µ–º–µ—Ç—Ä–∏—á–µ—Å–∫–∏—Ö...

You may provide a definition with
\DeclareUnicodeCharacter 


! Package inputenc Error: Unicode character –ª (U+043B)
(inputenc)                not set up for use with LaTeX.

See the inputenc package documentation for explanation.
Type  H <return>  for immediate help.
 ...                                              
                                                  
l.4 ...–∞–≤—Ç–æ—Ä—Å–∫–æ–≥–æ —Å—Ç–∏–ª—è –∏ —Å—Ç–∏–ª
                                                  –µ–º–µ—Ç—Ä–∏—á–µ—Å–∫–∏—Ö —...

You may provide a definition with
\DeclareUnicodeCharacter 


! Package inputenc Error: Unicode character –µ (U+0435)
(inputenc)                not set up for use with LaTeX.

See the inputenc package documentation for explanation.
Type  H <return>  for immediate help.
 ...                                              
                                                  
l.4 ...–≤—Ç–æ—Ä—Å–∫–æ–≥–æ —Å—Ç–∏–ª—è –∏ —Å—Ç–∏–ª–µ
                                                  –º–µ—Ç—Ä–∏—á–µ—Å–∫–∏—Ö —Ö–...

You may provide a definition with
\DeclareUnicodeCharacter 


! Package inputenc Error: Unicode character –º (U+043C)
(inputenc)                not set up for use with LaTeX.

See the inputenc package documentation for explanation.
Type  H <return>  for immediate help.
 ...                                              
                                                  
l.4 ...—Ç–æ—Ä—Å–∫–æ–≥–æ —Å—Ç–∏–ª—è –∏ —Å—Ç–∏–ª–µ–º
                                                  –µ—Ç—Ä–∏—á–µ—Å–∫–∏—Ö —Ö–∞—...

You may provide a definition with
\DeclareUnicodeCharacter 


! Package inputenc Error: Unicode character –µ (U+0435)
(inputenc)                not set up for use with LaTeX.

See the inputenc package documentation for explanation.
Type  H <return>  for immediate help.
 ...                                              
                                                  
l.4 ...–æ—Ä—Å–∫–æ–≥–æ —Å—Ç–∏–ª—è –∏ —Å—Ç–∏–ª–µ–º–µ
                                                  —Ç—Ä–∏—á–µ—Å–∫–∏—Ö —Ö–∞—Ä–...

You may provide a definition with
\DeclareUnicodeCharacter 


! Package inputenc Error: Unicode character —Ç (U+0442)
(inputenc)                not set up for use with LaTeX.

See the inputenc package documentation for explanation.
Type  H <return>  for immediate help.
 ...                                              
                                                  
l.4 ...—Ä—Å–∫–æ–≥–æ —Å—Ç–∏–ª—è –∏ —Å—Ç–∏–ª–µ–º–µ—Ç
                                                  —Ä–∏—á–µ—Å–∫–∏—Ö —Ö–∞—Ä–∞–...

You may provide a definition with
\DeclareUnicodeCharacter 


! Package inputenc Error: Unicode character —Ä (U+0440)
(inputenc)                not set up for use with LaTeX.

See the inputenc package documentation for explanation.
Type  H <return>  for immediate help.
 ...                                              
                                                  
l.4 ...—Å–∫–æ–≥–æ —Å—Ç–∏–ª—è –∏ —Å—Ç–∏–ª–µ–º–µ—Ç—Ä
                                                  –∏—á–µ—Å–∫–∏—Ö —Ö–∞—Ä–∞–∫—...

You may provide a definition with
\DeclareUnicodeCharacter 


! Package inputenc Error: Unicode character –∏ (U+0438)
(inputenc)                not set up for use with LaTeX.

See the inputenc package documentation for explanation.
Type  H <return>  for immediate help.
 ...                                              
                                                  
l.4 ...–∫–æ–≥–æ —Å—Ç–∏–ª—è –∏ —Å—Ç–∏–ª–µ–º–µ—Ç—Ä–∏
                                                  —á–µ—Å–∫–∏—Ö —Ö–∞—Ä–∞–∫—Ç–...

You may provide a definition with
\DeclareUnicodeCharacter 


! Package inputenc Error: Unicode character —á (U+0447)
(inputenc)                not set up for use with LaTeX.

See the inputenc package documentation for explanation.
Type  H <return>  for immediate help.
 ...                                              
                                                  
l.4 ...–æ–≥–æ —Å—Ç–∏–ª—è –∏ —Å—Ç–∏–ª–µ–º–µ—Ç—Ä–∏—á
                                                  –µ—Å–∫–∏—Ö —Ö–∞—Ä–∞–∫—Ç–µ—...

You may provide a definition with
\DeclareUnicodeCharacter 


! Package inputenc Error: Unicode character –µ (U+0435)
(inputenc)                not set up for use with LaTeX.

See the inputenc package documentation for explanation.
Type  H <return>  for immediate help.
 ...                                              
                                                  
l.4 ...–≥–æ —Å—Ç–∏–ª—è –∏ —Å—Ç–∏–ª–µ–º–µ—Ç—Ä–∏—á–µ
                                                  —Å–∫–∏—Ö —Ö–∞—Ä–∞–∫—Ç–µ—Ä–...

You may provide a definition with
\DeclareUnicodeCharacter 


! Package inputenc Error: Unicode character —Å (U+0441)
(inputenc)                not set up for use with LaTeX.

See the inputenc package documentation for explanation.
Type  H <return>  for immediate help.
 ...                                              
                                                  
l.4 ...–æ —Å—Ç–∏–ª—è –∏ —Å—Ç–∏–ª–µ–º–µ—Ç—Ä–∏—á–µ—Å
                                                  –∫–∏—Ö —Ö–∞—Ä–∞–∫—Ç–µ—Ä–∏—...

You may provide a definition with
\DeclareUnicodeCharacter 


! Package inputenc Error: Unicode character –∫ (U+043A)
(inputenc)                not set up for use with LaTeX.

See the inputenc package documentation for explanation.
Type  H <return>  for immediate help.
 ...                                              
                                                  
l.4 ... —Å—Ç–∏–ª—è –∏ —Å—Ç–∏–ª–µ–º–µ—Ç—Ä–∏—á–µ—Å–∫
                                                  –∏—Ö —Ö–∞—Ä–∞–∫—Ç–µ—Ä–∏—Å—...

You may provide a definition with
\DeclareUnicodeCharacter 


! Package inputenc Error: Unicode character –∏ (U+0438)
(inputenc)                not set up for use with LaTeX.

See the inputenc package documentation for explanation.
Type  H <return>  for immediate help.
 ...                                              
                                                  
l.4 ...Å—Ç–∏–ª—è –∏ —Å—Ç–∏–ª–µ–º–µ—Ç—Ä–∏—á–µ—Å–∫–∏
                                                  —Ö —Ö–∞—Ä–∞–∫—Ç–µ—Ä–∏—Å—Ç–...

You may provide a definition with
\DeclareUnicodeCharacter 


! Package inputenc Error: Unicode character —Ö (U+0445)
(inputenc)                not set up for use with LaTeX.

See the inputenc package documentation for explanation.
Type  H <return>  for immediate help.
 ...                                              
                                                  
l.4 ...Ç–∏–ª—è –∏ —Å—Ç–∏–ª–µ–º–µ—Ç—Ä–∏—á–µ—Å–∫–∏—Ö
                                                   —Ö–∞—Ä–∞–∫—Ç–µ—Ä–∏—Å—Ç–∏–...

You may provide a definition with
\DeclareUnicodeCharacter 


! Package inputenc Error: Unicode character —Ö (U+0445)
(inputenc)                not set up for use with LaTeX.

See the inputenc package documentation for explanation.
Type  H <return>  for immediate help.
 ...                                              
                                                  
l.4 ...–ª—è –∏ —Å—Ç–∏–ª–µ–º–µ—Ç—Ä–∏—á–µ—Å–∫–∏—Ö —Ö
                                                  –∞—Ä–∞–∫—Ç–µ—Ä–∏—Å—Ç–∏–∫, ...

You may provide a definition with
\DeclareUnicodeCharacter 


! Package inputenc Error: Unicode character –∞ (U+0430)
(inputenc)                not set up for use with LaTeX.

See the inputenc package documentation for explanation.
Type  H <return>  for immediate help.
 ...                                              
                                                  
l.4 ...—è –∏ —Å—Ç–∏–ª–µ–º–µ—Ç—Ä–∏—á–µ—Å–∫–∏—Ö —Ö–∞
                                                  —Ä–∞–∫—Ç–µ—Ä–∏—Å—Ç–∏–∫, –∏...

You may provide a definition with
\DeclareUnicodeCharacter 


! Package inputenc Error: Unicode character —Ä (U+0440)
(inputenc)                not set up for use with LaTeX.

See the inputenc package documentation for explanation.
Type  H <return>  for immediate help.
 ...                                              
                                                  
l.4 ... –∏ —Å—Ç–∏–ª–µ–º–µ—Ç—Ä–∏—á–µ—Å–∫–∏—Ö —Ö–∞—Ä
                                                  –∞–∫—Ç–µ—Ä–∏—Å—Ç–∏–∫, –∏—Å...

You may provide a definition with
\DeclareUnicodeCharacter 


! Package inputenc Error: Unicode character –∞ (U+0430)
(inputenc)                not set up for use with LaTeX.

See the inputenc package documentation for explanation.
Type  H <return>  for immediate help.
 ...                                              
                                                  
l.4 ...∏ —Å—Ç–∏–ª–µ–º–µ—Ç—Ä–∏—á–µ—Å–∫–∏—Ö —Ö–∞—Ä–∞
                                                  –∫—Ç–µ—Ä–∏—Å—Ç–∏–∫, –∏—Å—Å...

You may provide a definition with
\DeclareUnicodeCharacter 


! Package inputenc Error: Unicode character –∫ (U+043A)
(inputenc)                not set up for use with LaTeX.

See the inputenc package documentation for explanation.
Type  H <return>  for immediate help.
 ...                                              
                                                  
l.4 ...—Å—Ç–∏–ª–µ–º–µ—Ç—Ä–∏—á–µ—Å–∫–∏—Ö —Ö–∞—Ä–∞–∫
                                                  —Ç–µ—Ä–∏—Å—Ç–∏–∫, –∏—Å—Å–ª...

You may provide a definition with
\DeclareUnicodeCharacter 


! Package inputenc Error: Unicode character —Ç (U+0442)
(inputenc)                not set up for use with LaTeX.

See the inputenc package documentation for explanation.
Type  H <return>  for immediate help.
 ...                                              
                                                  
l.4 ...—Ç–∏–ª–µ–º–µ—Ç—Ä–∏—á–µ—Å–∫–∏—Ö —Ö–∞—Ä–∞–∫—Ç
                                                  –µ—Ä–∏—Å—Ç–∏–∫, –∏—Å—Å–ª–µ...

You may provide a definition with
\DeclareUnicodeCharacter 


! Package inputenc Error: Unicode character –µ (U+0435)
(inputenc)                not set up for use with LaTeX.

See the inputenc package documentation for explanation.
Type  H <return>  for immediate help.
 ...                                              
                                                  
l.4 ...–∏–ª–µ–º–µ—Ç—Ä–∏—á–µ—Å–∫–∏—Ö —Ö–∞—Ä–∞–∫—Ç–µ
                                                  —Ä–∏—Å—Ç–∏–∫, –∏—Å—Å–ª–µ–¥...

You may provide a definition with
\DeclareUnicodeCharacter 


! Package inputenc Error: Unicode character —Ä (U+0440)
(inputenc)                not set up for use with LaTeX.

See the inputenc package documentation for explanation.
Type  H <return>  for immediate help.
 ...                                              
                                                  
l.4 ...–ª–µ–º–µ—Ç—Ä–∏—á–µ—Å–∫–∏—Ö —Ö–∞—Ä–∞–∫—Ç–µ—Ä
                                                  –∏—Å—Ç–∏–∫, –∏—Å—Å–ª–µ–¥—É...

You may provide a definition with
\DeclareUnicodeCharacter 


! Package inputenc Error: Unicode character –∏ (U+0438)
(inputenc)                not set up for use with LaTeX.

See the inputenc package documentation for explanation.
Type  H <return>  for immediate help.
 ...                                              
                                                  
l.4 ...–µ–º–µ—Ç—Ä–∏—á–µ—Å–∫–∏—Ö —Ö–∞—Ä–∞–∫—Ç–µ—Ä–∏
                                                  —Å—Ç–∏–∫, –∏—Å—Å–ª–µ–¥—É—é...

You may provide a definition with
\DeclareUnicodeCharacter 


! Package inputenc Error: Unicode character —Å (U+0441)
(inputenc)                not set up for use with LaTeX.

See the inputenc package documentation for explanation.
Type  H <return>  for immediate help.
 ...                                              
                                                  
l.4 ...–º–µ—Ç—Ä–∏—á–µ—Å–∫–∏—Ö —Ö–∞—Ä–∞–∫—Ç–µ—Ä–∏—Å
                                                  —Ç–∏–∫, –∏—Å—Å–ª–µ–¥—É—é—Ç...

You may provide a definition with
\DeclareUnicodeCharacter 


! Package inputenc Error: Unicode character —Ç (U+0442)
(inputenc)                not set up for use with LaTeX.

See the inputenc package documentation for explanation.
Type  H <return>  for immediate help.
 ...                                              
                                                  
l.4 ...–µ—Ç—Ä–∏—á–µ—Å–∫–∏—Ö —Ö–∞—Ä–∞–∫—Ç–µ—Ä–∏—Å—Ç
                                                  –∏–∫, –∏—Å—Å–ª–µ–¥—É—é—Ç—Å...

You may provide a definition with
\DeclareUnicodeCharacter 


! Package inputenc Error: Unicode character –∏ (U+0438)
(inputenc)                not set up for use with LaTeX.

See the inputenc package documentation for explanation.
Type  H <return>  for immediate help.
 ...                                              
                                                  
l.4 ...—Ç—Ä–∏—á–µ—Å–∫–∏—Ö —Ö–∞—Ä–∞–∫—Ç–µ—Ä–∏—Å—Ç–∏
                                                  –∫, –∏—Å—Å–ª–µ–¥—É—é—Ç—Å—è...
(That makes 100 errors; please try again.) 
Here is how much of TeX's memory you used:
 28 strings out of 492616
 453 string characters out of 6129482
 57737 words of memory out of 5000000
 4047 multiletter control sequences out of 15000+600000
 3640 words of font info for 14 fonts, out of 8000000 for 9000
 1141 hyphenation exceptions out of 8191
 10i,0n,10p,558b,30s stack positions out of 5000i,500n,10000p,200000b,80000s

!  ==> Fatal error occurred, no output PDF file produced!
