This is pdfTeX, Version 3.14159265-2.6-1.40.20 (TeX Live 2019) (preloaded format=pdflatex 2019.9.8)  3 APR 2021 06:47
entering extended mode
 restricted \write18 enabled.
 %&-line parsing enabled.
**intro.tex
(./intro.tex
LaTeX2e <2018-12-01>
! Undefined control sequence.
l.1 \Introduction
                 
The control sequence at the end of the top line
of your error message was never \def'ed. If you have
misspelled it (e.g., `\hobx'), type `I' and the correct
spelling (e.g., `I\hbox'). Otherwise just continue,
and I'll forget about whatever was undefined.


! Package inputenc Error: Unicode character –í (U+0412)
(inputenc)                not set up for use with LaTeX.

See the inputenc package documentation for explanation.
Type  H <return>  for immediate help.
 ...                                              
                                                  
l.2 –í
       –ø–æ—Å–ª–µ–¥–Ω–∏–µ –≥–æ–¥—ã –æ—á–µ–Ω—å –±—ã—Å—Ç—Ä—ã–º–∏ —Ç–µ–º–ø–∞–º–...

You may provide a definition with
\DeclareUnicodeCharacter 


! Package inputenc Error: Unicode character –ø (U+043F)
(inputenc)                not set up for use with LaTeX.

See the inputenc package documentation for explanation.
Type  H <return>  for immediate help.
 ...                                              
                                                  
l.2 –í –ø
         –æ—Å–ª–µ–¥–Ω–∏–µ –≥–æ–¥—ã –æ—á–µ–Ω—å –±—ã—Å—Ç—Ä—ã–º–∏ —Ç–µ–º–ø–∞–º–...

You may provide a definition with
\DeclareUnicodeCharacter 


! Package inputenc Error: Unicode character –æ (U+043E)
(inputenc)                not set up for use with LaTeX.

See the inputenc package documentation for explanation.
Type  H <return>  for immediate help.
 ...                                              
                                                  
l.2 –í –ø–æ
           —Å–ª–µ–¥–Ω–∏–µ –≥–æ–¥—ã –æ—á–µ–Ω—å –±—ã—Å—Ç—Ä—ã–º–∏ —Ç–µ–º–ø–∞–º–...

You may provide a definition with
\DeclareUnicodeCharacter 


! Package inputenc Error: Unicode character —Å (U+0441)
(inputenc)                not set up for use with LaTeX.

See the inputenc package documentation for explanation.
Type  H <return>  for immediate help.
 ...                                              
                                                  
l.2 –í –ø–æ—Å
             –ª–µ–¥–Ω–∏–µ –≥–æ–¥—ã –æ—á–µ–Ω—å –±—ã—Å—Ç—Ä—ã–º–∏ —Ç–µ–º–ø–∞–º–...

You may provide a definition with
\DeclareUnicodeCharacter 


! Package inputenc Error: Unicode character –ª (U+043B)
(inputenc)                not set up for use with LaTeX.

See the inputenc package documentation for explanation.
Type  H <return>  for immediate help.
 ...                                              
                                                  
l.2 –í –ø–æ—Å–ª
               –µ–¥–Ω–∏–µ –≥–æ–¥—ã –æ—á–µ–Ω—å –±—ã—Å—Ç—Ä—ã–º–∏ —Ç–µ–º–ø–∞–º–...

You may provide a definition with
\DeclareUnicodeCharacter 


! Package inputenc Error: Unicode character –µ (U+0435)
(inputenc)                not set up for use with LaTeX.

See the inputenc package documentation for explanation.
Type  H <return>  for immediate help.
 ...                                              
                                                  
l.2 –í –ø–æ—Å–ª–µ
                 –¥–Ω–∏–µ –≥–æ–¥—ã –æ—á–µ–Ω—å –±—ã—Å—Ç—Ä—ã–º–∏ —Ç–µ–º–ø–∞–º–...

You may provide a definition with
\DeclareUnicodeCharacter 


! Package inputenc Error: Unicode character –¥ (U+0434)
(inputenc)                not set up for use with LaTeX.

See the inputenc package documentation for explanation.
Type  H <return>  for immediate help.
 ...                                              
                                                  
l.2 –í –ø–æ—Å–ª–µ–¥
                   –Ω–∏–µ –≥–æ–¥—ã –æ—á–µ–Ω—å –±—ã—Å—Ç—Ä—ã–º–∏ —Ç–µ–º–ø–∞–º–...

You may provide a definition with
\DeclareUnicodeCharacter 


! Package inputenc Error: Unicode character –Ω (U+043D)
(inputenc)                not set up for use with LaTeX.

See the inputenc package documentation for explanation.
Type  H <return>  for immediate help.
 ...                                              
                                                  
l.2 –í –ø–æ—Å–ª–µ–¥–Ω
                     –∏–µ –≥–æ–¥—ã –æ—á–µ–Ω—å –±—ã—Å—Ç—Ä—ã–º–∏ —Ç–µ–º–ø–∞–º–...

You may provide a definition with
\DeclareUnicodeCharacter 


! Package inputenc Error: Unicode character –∏ (U+0438)
(inputenc)                not set up for use with LaTeX.

See the inputenc package documentation for explanation.
Type  H <return>  for immediate help.
 ...                                              
                                                  
l.2 –í –ø–æ—Å–ª–µ–¥–Ω–∏
                       –µ –≥–æ–¥—ã –æ—á–µ–Ω—å –±—ã—Å—Ç—Ä—ã–º–∏ —Ç–µ–º–ø–∞–º–...

You may provide a definition with
\DeclareUnicodeCharacter 


! Package inputenc Error: Unicode character –µ (U+0435)
(inputenc)                not set up for use with LaTeX.

See the inputenc package documentation for explanation.
Type  H <return>  for immediate help.
 ...                                              
                                                  
l.2 –í –ø–æ—Å–ª–µ–¥–Ω–∏–µ
                          –≥–æ–¥—ã –æ—á–µ–Ω—å –±—ã—Å—Ç—Ä—ã–º–∏ —Ç–µ–º–ø–∞–º–...

You may provide a definition with
\DeclareUnicodeCharacter 


! Package inputenc Error: Unicode character –≥ (U+0433)
(inputenc)                not set up for use with LaTeX.

See the inputenc package documentation for explanation.
Type  H <return>  for immediate help.
 ...                                              
                                                  
l.2 –í –ø–æ—Å–ª–µ–¥–Ω–∏–µ –≥
                            –æ–¥—ã –æ—á–µ–Ω—å –±—ã—Å—Ç—Ä—ã–º–∏ —Ç–µ–º–ø–∞–º–...

You may provide a definition with
\DeclareUnicodeCharacter 


! Package inputenc Error: Unicode character –æ (U+043E)
(inputenc)                not set up for use with LaTeX.

See the inputenc package documentation for explanation.
Type  H <return>  for immediate help.
 ...                                              
                                                  
l.2 –í –ø–æ—Å–ª–µ–¥–Ω–∏–µ –≥–æ
                              –¥—ã –æ—á–µ–Ω—å –±—ã—Å—Ç—Ä—ã–º–∏ —Ç–µ–º–ø–∞–º–...

You may provide a definition with
\DeclareUnicodeCharacter 


! Package inputenc Error: Unicode character –¥ (U+0434)
(inputenc)                not set up for use with LaTeX.

See the inputenc package documentation for explanation.
Type  H <return>  for immediate help.
 ...                                              
                                                  
l.2 –í –ø–æ—Å–ª–µ–¥–Ω–∏–µ –≥–æ–¥
                                —ã –æ—á–µ–Ω—å –±—ã—Å—Ç—Ä—ã–º–∏ —Ç–µ–º–ø–∞–º–...

You may provide a definition with
\DeclareUnicodeCharacter 


! Package inputenc Error: Unicode character —ã (U+044B)
(inputenc)                not set up for use with LaTeX.

See the inputenc package documentation for explanation.
Type  H <return>  for immediate help.
 ...                                              
                                                  
l.2 –í –ø–æ—Å–ª–µ–¥–Ω–∏–µ –≥–æ–¥—ã
                                   –æ—á–µ–Ω—å –±—ã—Å—Ç—Ä—ã–º–∏ —Ç–µ–º–ø–∞–º–...

You may provide a definition with
\DeclareUnicodeCharacter 


! Package inputenc Error: Unicode character –æ (U+043E)
(inputenc)                not set up for use with LaTeX.

See the inputenc package documentation for explanation.
Type  H <return>  for immediate help.
 ...                                              
                                                  
l.2 –í –ø–æ—Å–ª–µ–¥–Ω–∏–µ –≥–æ–¥—ã –æ
                                     —á–µ–Ω—å –±—ã—Å—Ç—Ä—ã–º–∏ —Ç–µ–º–ø–∞–º–...

You may provide a definition with
\DeclareUnicodeCharacter 


! Package inputenc Error: Unicode character —á (U+0447)
(inputenc)                not set up for use with LaTeX.

See the inputenc package documentation for explanation.
Type  H <return>  for immediate help.
 ...                                              
                                                  
l.2 –í –ø–æ—Å–ª–µ–¥–Ω–∏–µ –≥–æ–¥—ã –æ—á
                                       –µ–Ω—å –±—ã—Å—Ç—Ä—ã–º–∏ —Ç–µ–º–ø–∞–º–...

You may provide a definition with
\DeclareUnicodeCharacter 


! Package inputenc Error: Unicode character –µ (U+0435)
(inputenc)                not set up for use with LaTeX.

See the inputenc package documentation for explanation.
Type  H <return>  for immediate help.
 ...                                              
                                                  
l.2 –í –ø–æ—Å–ª–µ–¥–Ω–∏–µ –≥–æ–¥—ã –æ—á–µ
                                         –Ω—å –±—ã—Å—Ç—Ä—ã–º–∏ —Ç–µ–º–ø–∞–º–...

You may provide a definition with
\DeclareUnicodeCharacter 


! Package inputenc Error: Unicode character –Ω (U+043D)
(inputenc)                not set up for use with LaTeX.

See the inputenc package documentation for explanation.
Type  H <return>  for immediate help.
 ...                                              
                                                  
l.2 –í –ø–æ—Å–ª–µ–¥–Ω–∏–µ –≥–æ–¥—ã –æ—á–µ–Ω
                                           —å –±—ã—Å—Ç—Ä—ã–º–∏ —Ç–µ–º–ø–∞–º–...

You may provide a definition with
\DeclareUnicodeCharacter 


! Package inputenc Error: Unicode character —å (U+044C)
(inputenc)                not set up for use with LaTeX.

See the inputenc package documentation for explanation.
Type  H <return>  for immediate help.
 ...                                              
                                                  
l.2 –í –ø–æ—Å–ª–µ–¥–Ω–∏–µ –≥–æ–¥—ã –æ—á–µ–Ω—å
                                              –±—ã—Å—Ç—Ä—ã–º–∏ —Ç–µ–º–ø–∞–º–...

You may provide a definition with
\DeclareUnicodeCharacter 


! Package inputenc Error: Unicode character –± (U+0431)
(inputenc)                not set up for use with LaTeX.

See the inputenc package documentation for explanation.
Type  H <return>  for immediate help.
 ...                                              
                                                  
l.2 –í –ø–æ—Å–ª–µ–¥–Ω–∏–µ –≥–æ–¥—ã –æ—á–µ–Ω—å –±
                                                —ã—Å—Ç—Ä—ã–º–∏ —Ç–µ–º–ø–∞–º–...

You may provide a definition with
\DeclareUnicodeCharacter 


! Package inputenc Error: Unicode character —ã (U+044B)
(inputenc)                not set up for use with LaTeX.

See the inputenc package documentation for explanation.
Type  H <return>  for immediate help.
 ...                                              
                                                  
l.2 –í –ø–æ—Å–ª–µ–¥–Ω–∏–µ –≥–æ–¥—ã –æ—á–µ–Ω—å –±—ã
                                                  —Å—Ç—Ä—ã–º–∏ —Ç–µ–º–ø–∞–º–...

You may provide a definition with
\DeclareUnicodeCharacter 


! Package inputenc Error: Unicode character —Å (U+0441)
(inputenc)                not set up for use with LaTeX.

See the inputenc package documentation for explanation.
Type  H <return>  for immediate help.
 ...                                              
                                                  
l.2 ...–æ—Å–ª–µ–¥–Ω–∏–µ –≥–æ–¥—ã –æ—á–µ–Ω—å –±—ã—Å
                                                  —Ç—Ä—ã–º–∏ —Ç–µ–º–ø–∞–º–∏ ...

You may provide a definition with
\DeclareUnicodeCharacter 


! Package inputenc Error: Unicode character —Ç (U+0442)
(inputenc)                not set up for use with LaTeX.

See the inputenc package documentation for explanation.
Type  H <return>  for immediate help.
 ...                                              
                                                  
l.2 ...—Å–ª–µ–¥–Ω–∏–µ –≥–æ–¥—ã –æ—á–µ–Ω—å –±—ã—Å—Ç
                                                  —Ä—ã–º–∏ —Ç–µ–º–ø–∞–º–∏ —Ä...

You may provide a definition with
\DeclareUnicodeCharacter 


! Package inputenc Error: Unicode character —Ä (U+0440)
(inputenc)                not set up for use with LaTeX.

See the inputenc package documentation for explanation.
Type  H <return>  for immediate help.
 ...                                              
                                                  
l.2 ...–ª–µ–¥–Ω–∏–µ –≥–æ–¥—ã –æ—á–µ–Ω—å –±—ã—Å—Ç—Ä
                                                  —ã–º–∏ —Ç–µ–º–ø–∞–º–∏ —Ä–∞...

You may provide a definition with
\DeclareUnicodeCharacter 


! Package inputenc Error: Unicode character —ã (U+044B)
(inputenc)                not set up for use with LaTeX.

See the inputenc package documentation for explanation.
Type  H <return>  for immediate help.
 ...                                              
                                                  
l.2 ...–µ–¥–Ω–∏–µ –≥–æ–¥—ã –æ—á–µ–Ω—å –±—ã—Å—Ç—Ä—ã
                                                  –º–∏ —Ç–µ–º–ø–∞–º–∏ —Ä–∞–∑...

You may provide a definition with
\DeclareUnicodeCharacter 


! Package inputenc Error: Unicode character –º (U+043C)
(inputenc)                not set up for use with LaTeX.

See the inputenc package documentation for explanation.
Type  H <return>  for immediate help.
 ...                                              
                                                  
l.2 ...–¥–Ω–∏–µ –≥–æ–¥—ã –æ—á–µ–Ω—å –±—ã—Å—Ç—Ä—ã–º
                                                  –∏ —Ç–µ–º–ø–∞–º–∏ —Ä–∞–∑–≤...

You may provide a definition with
\DeclareUnicodeCharacter 


! Package inputenc Error: Unicode character –∏ (U+0438)
(inputenc)                not set up for use with LaTeX.

See the inputenc package documentation for explanation.
Type  H <return>  for immediate help.
 ...                                              
                                                  
l.2 ...–Ω–∏–µ –≥–æ–¥—ã –æ—á–µ–Ω—å –±—ã—Å—Ç—Ä—ã–º–∏
                                                   —Ç–µ–º–ø–∞–º–∏ —Ä–∞–∑–≤–∏...

You may provide a definition with
\DeclareUnicodeCharacter 


! Package inputenc Error: Unicode character —Ç (U+0442)
(inputenc)                not set up for use with LaTeX.

See the inputenc package documentation for explanation.
Type  H <return>  for immediate help.
 ...                                              
                                                  
l.2 ...∏–µ –≥–æ–¥—ã –æ—á–µ–Ω—å –±—ã—Å—Ç—Ä—ã–º–∏ —Ç
                                                  –µ–º–ø–∞–º–∏ —Ä–∞–∑–≤–∏–≤–...

You may provide a definition with
\DeclareUnicodeCharacter 


! Package inputenc Error: Unicode character –µ (U+0435)
(inputenc)                not set up for use with LaTeX.

See the inputenc package documentation for explanation.
Type  H <return>  for immediate help.
 ...                                              
                                                  
l.2 ...µ –≥–æ–¥—ã –æ—á–µ–Ω—å –±—ã—Å—Ç—Ä—ã–º–∏ —Ç–µ
                                                  –º–ø–∞–º–∏ —Ä–∞–∑–≤–∏–≤–∞–...

You may provide a definition with
\DeclareUnicodeCharacter 


! Package inputenc Error: Unicode character –º (U+043C)
(inputenc)                not set up for use with LaTeX.

See the inputenc package documentation for explanation.
Type  H <return>  for immediate help.
 ...                                              
                                                  
l.2 ...–≥–æ–¥—ã –æ—á–µ–Ω—å –±—ã—Å—Ç—Ä—ã–º–∏ —Ç–µ–º
                                                  –ø–∞–º–∏ —Ä–∞–∑–≤–∏–≤–∞–µ—...

You may provide a definition with
\DeclareUnicodeCharacter 


! Package inputenc Error: Unicode character –ø (U+043F)
(inputenc)                not set up for use with LaTeX.

See the inputenc package documentation for explanation.
Type  H <return>  for immediate help.
 ...                                              
                                                  
l.2 ...–æ–¥—ã –æ—á–µ–Ω—å –±—ã—Å—Ç—Ä—ã–º–∏ —Ç–µ–º–ø
                                                  –∞–º–∏ —Ä–∞–∑–≤–∏–≤–∞–µ—Ç—...

You may provide a definition with
\DeclareUnicodeCharacter 


! Package inputenc Error: Unicode character –∞ (U+0430)
(inputenc)                not set up for use with LaTeX.

See the inputenc package documentation for explanation.
Type  H <return>  for immediate help.
 ...                                              
                                                  
l.2 ...–¥—ã –æ—á–µ–Ω—å –±—ã—Å—Ç—Ä—ã–º–∏ —Ç–µ–º–ø–∞
                                                  –º–∏ —Ä–∞–∑–≤–∏–≤–∞–µ—Ç—Å—...

You may provide a definition with
\DeclareUnicodeCharacter 


! Package inputenc Error: Unicode character –º (U+043C)
(inputenc)                not set up for use with LaTeX.

See the inputenc package documentation for explanation.
Type  H <return>  for immediate help.
 ...                                              
                                                  
l.2 ...—ã –æ—á–µ–Ω—å –±—ã—Å—Ç—Ä—ã–º–∏ —Ç–µ–º–ø–∞–º
                                                  –∏ —Ä–∞–∑–≤–∏–≤–∞–µ—Ç—Å—è ...

You may provide a definition with
\DeclareUnicodeCharacter 


! Package inputenc Error: Unicode character –∏ (U+0438)
(inputenc)                not set up for use with LaTeX.

See the inputenc package documentation for explanation.
Type  H <return>  for immediate help.
 ...                                              
                                                  
l.2 ... –æ—á–µ–Ω—å –±—ã—Å—Ç—Ä—ã–º–∏ —Ç–µ–º–ø–∞–º–∏
                                                   —Ä–∞–∑–≤–∏–≤–∞–µ—Ç—Å—è –æ...

You may provide a definition with
\DeclareUnicodeCharacter 


! Package inputenc Error: Unicode character —Ä (U+0440)
(inputenc)                not set up for use with LaTeX.

See the inputenc package documentation for explanation.
Type  H <return>  for immediate help.
 ...                                              
                                                  
l.2 ...—á–µ–Ω—å –±—ã—Å—Ç—Ä—ã–º–∏ —Ç–µ–º–ø–∞–º–∏ —Ä
                                                  –∞–∑–≤–∏–≤–∞–µ—Ç—Å—è –æ–±–...

You may provide a definition with
\DeclareUnicodeCharacter 


! Package inputenc Error: Unicode character –∞ (U+0430)
(inputenc)                not set up for use with LaTeX.

See the inputenc package documentation for explanation.
Type  H <return>  for immediate help.
 ...                                              
                                                  
l.2 ...–µ–Ω—å –±—ã—Å—Ç—Ä—ã–º–∏ —Ç–µ–º–ø–∞–º–∏ —Ä–∞
                                                  –∑–≤–∏–≤–∞–µ—Ç—Å—è –æ–±–ª–...

You may provide a definition with
\DeclareUnicodeCharacter 


! Package inputenc Error: Unicode character –∑ (U+0437)
(inputenc)                not set up for use with LaTeX.

See the inputenc package documentation for explanation.
Type  H <return>  for immediate help.
 ...                                              
                                                  
l.2 ...–Ω—å –±—ã—Å—Ç—Ä—ã–º–∏ —Ç–µ–º–ø–∞–º–∏ —Ä–∞–∑
                                                  –≤–∏–≤–∞–µ—Ç—Å—è –æ–±–ª–∞—...

You may provide a definition with
\DeclareUnicodeCharacter 


! Package inputenc Error: Unicode character –≤ (U+0432)
(inputenc)                not set up for use with LaTeX.

See the inputenc package documentation for explanation.
Type  H <return>  for immediate help.
 ...                                              
                                                  
l.2 ...—å –±—ã—Å—Ç—Ä—ã–º–∏ —Ç–µ–º–ø–∞–º–∏ —Ä–∞–∑–≤
                                                  –∏–≤–∞–µ—Ç—Å—è –æ–±–ª–∞—Å—...

You may provide a definition with
\DeclareUnicodeCharacter 


! Package inputenc Error: Unicode character –∏ (U+0438)
(inputenc)                not set up for use with LaTeX.

See the inputenc package documentation for explanation.
Type  H <return>  for immediate help.
 ...                                              
                                                  
l.2 ... –±—ã—Å—Ç—Ä—ã–º–∏ —Ç–µ–º–ø–∞–º–∏ —Ä–∞–∑–≤–∏
                                                  –≤–∞–µ—Ç—Å—è –æ–±–ª–∞—Å—Ç—...

You may provide a definition with
\DeclareUnicodeCharacter 


! Package inputenc Error: Unicode character –≤ (U+0432)
(inputenc)                not set up for use with LaTeX.

See the inputenc package documentation for explanation.
Type  H <return>  for immediate help.
 ...                                              
                                                  
l.2 ...±—ã—Å—Ç—Ä—ã–º–∏ —Ç–µ–º–ø–∞–º–∏ —Ä–∞–∑–≤–∏–≤
                                                  –∞–µ—Ç—Å—è –æ–±–ª–∞—Å—Ç—å ...

You may provide a definition with
\DeclareUnicodeCharacter 


! Package inputenc Error: Unicode character –∞ (U+0430)
(inputenc)                not set up for use with LaTeX.

See the inputenc package documentation for explanation.
Type  H <return>  for immediate help.
 ...                                              
                                                  
l.2 ...ã—Å—Ç—Ä—ã–º–∏ —Ç–µ–º–ø–∞–º–∏ —Ä–∞–∑–≤–∏–≤–∞
                                                  –µ—Ç—Å—è –æ–±–ª–∞—Å—Ç—å  –...

You may provide a definition with
\DeclareUnicodeCharacter 


! Package inputenc Error: Unicode character –µ (U+0435)
(inputenc)                not set up for use with LaTeX.

See the inputenc package documentation for explanation.
Type  H <return>  for immediate help.
 ...                                              
                                                  
l.2 ...Å—Ç—Ä—ã–º–∏ —Ç–µ–º–ø–∞–º–∏ —Ä–∞–∑–≤–∏–≤–∞–µ
                                                  —Ç—Å—è –æ–±–ª–∞—Å—Ç—å  –æ–...

You may provide a definition with
\DeclareUnicodeCharacter 


! Package inputenc Error: Unicode character —Ç (U+0442)
(inputenc)                not set up for use with LaTeX.

See the inputenc package documentation for explanation.
Type  H <return>  for immediate help.
 ...                                              
                                                  
l.2 ...Ç—Ä—ã–º–∏ —Ç–µ–º–ø–∞–º–∏ —Ä–∞–∑–≤–∏–≤–∞–µ—Ç
                                                  —Å—è –æ–±–ª–∞—Å—Ç—å  –æ–±—...

You may provide a definition with
\DeclareUnicodeCharacter 


! Package inputenc Error: Unicode character —Å (U+0441)
(inputenc)                not set up for use with LaTeX.

See the inputenc package documentation for explanation.
Type  H <return>  for immediate help.
 ...                                              
                                                  
l.2 ...Ä—ã–º–∏ —Ç–µ–º–ø–∞–º–∏ —Ä–∞–∑–≤–∏–≤–∞–µ—Ç—Å
                                                  —è –æ–±–ª–∞—Å—Ç—å  –æ–±—Ä–...

You may provide a definition with
\DeclareUnicodeCharacter 


! Package inputenc Error: Unicode character —è (U+044F)
(inputenc)                not set up for use with LaTeX.

See the inputenc package documentation for explanation.
Type  H <return>  for immediate help.
 ...                                              
                                                  
l.2 ...ã–º–∏ —Ç–µ–º–ø–∞–º–∏ —Ä–∞–∑–≤–∏–≤–∞–µ—Ç—Å—è
                                                   –æ–±–ª–∞—Å—Ç—å  –æ–±—Ä–∞–...

You may provide a definition with
\DeclareUnicodeCharacter 


! Package inputenc Error: Unicode character –æ (U+043E)
(inputenc)                not set up for use with LaTeX.

See the inputenc package documentation for explanation.
Type  H <return>  for immediate help.
 ...                                              
                                                  
l.2 ...–∏ —Ç–µ–º–ø–∞–º–∏ —Ä–∞–∑–≤–∏–≤–∞–µ—Ç—Å—è –æ
                                                  –±–ª–∞—Å—Ç—å  –æ–±—Ä–∞–±–æ...

You may provide a definition with
\DeclareUnicodeCharacter 


! Package inputenc Error: Unicode character –± (U+0431)
(inputenc)                not set up for use with LaTeX.

See the inputenc package documentation for explanation.
Type  H <return>  for immediate help.
 ...                                              
                                                  
l.2 ... —Ç–µ–º–ø–∞–º–∏ —Ä–∞–∑–≤–∏–≤–∞–µ—Ç—Å—è –æ–±
                                                  –ª–∞—Å—Ç—å  –æ–±—Ä–∞–±–æ—Ç...

You may provide a definition with
\DeclareUnicodeCharacter 


! Package inputenc Error: Unicode character –ª (U+043B)
(inputenc)                not set up for use with LaTeX.

See the inputenc package documentation for explanation.
Type  H <return>  for immediate help.
 ...                                              
                                                  
l.2 ...Ç–µ–º–ø–∞–º–∏ —Ä–∞–∑–≤–∏–≤–∞–µ—Ç—Å—è –æ–±–ª
                                                  –∞—Å—Ç—å  –æ–±—Ä–∞–±–æ—Ç–∫...

You may provide a definition with
\DeclareUnicodeCharacter 


! Package inputenc Error: Unicode character –∞ (U+0430)
(inputenc)                not set up for use with LaTeX.

See the inputenc package documentation for explanation.
Type  H <return>  for immediate help.
 ...                                              
                                                  
l.2 ...µ–º–ø–∞–º–∏ —Ä–∞–∑–≤–∏–≤–∞–µ—Ç—Å—è –æ–±–ª–∞
                                                  —Å—Ç—å  –æ–±—Ä–∞–±–æ—Ç–∫–∏...

You may provide a definition with
\DeclareUnicodeCharacter 


! Package inputenc Error: Unicode character —Å (U+0441)
(inputenc)                not set up for use with LaTeX.

See the inputenc package documentation for explanation.
Type  H <return>  for immediate help.
 ...                                              
                                                  
l.2 ...º–ø–∞–º–∏ —Ä–∞–∑–≤–∏–≤–∞–µ—Ç—Å—è –æ–±–ª–∞—Å
                                                  —Ç—å  –æ–±—Ä–∞–±–æ—Ç–∫–∏ –...

You may provide a definition with
\DeclareUnicodeCharacter 


! Package inputenc Error: Unicode character —Ç (U+0442)
(inputenc)                not set up for use with LaTeX.

See the inputenc package documentation for explanation.
Type  H <return>  for immediate help.
 ...                                              
                                                  
l.2 ...ø–∞–º–∏ —Ä–∞–∑–≤–∏–≤–∞–µ—Ç—Å—è –æ–±–ª–∞—Å—Ç
                                                  —å  –æ–±—Ä–∞–±–æ—Ç–∫–∏ –µ—...

You may provide a definition with
\DeclareUnicodeCharacter 


! Package inputenc Error: Unicode character —å (U+044C)
(inputenc)                not set up for use with LaTeX.

See the inputenc package documentation for explanation.
Type  H <return>  for immediate help.
 ...                                              
                                                  
l.2 ...∞–º–∏ —Ä–∞–∑–≤–∏–≤–∞–µ—Ç—Å—è –æ–±–ª–∞—Å—Ç—å
                                                    –æ–±—Ä–∞–±–æ—Ç–∫–∏ –µ—Å—...

You may provide a definition with
\DeclareUnicodeCharacter 


! Package inputenc Error: Unicode character –æ (U+043E)
(inputenc)                not set up for use with LaTeX.

See the inputenc package documentation for explanation.
Type  H <return>  for immediate help.
 ...                                              
                                                  
l.2 ...∏ —Ä–∞–∑–≤–∏–≤–∞–µ—Ç—Å—è –æ–±–ª–∞—Å—Ç—å  –æ
                                                  –±—Ä–∞–±–æ—Ç–∫–∏ –µ—Å—Ç–µ—...

You may provide a definition with
\DeclareUnicodeCharacter 


! Package inputenc Error: Unicode character –± (U+0431)
(inputenc)                not set up for use with LaTeX.

See the inputenc package documentation for explanation.
Type  H <return>  for immediate help.
 ...                                              
                                                  
l.2 ...—Ä–∞–∑–≤–∏–≤–∞–µ—Ç—Å—è –æ–±–ª–∞—Å—Ç—å  –æ–±
                                                  —Ä–∞–±–æ—Ç–∫–∏ –µ—Å—Ç–µ—Å—...

You may provide a definition with
\DeclareUnicodeCharacter 


! Package inputenc Error: Unicode character —Ä (U+0440)
(inputenc)                not set up for use with LaTeX.

See the inputenc package documentation for explanation.
Type  H <return>  for immediate help.
 ...                                              
                                                  
l.2 ...–∞–∑–≤–∏–≤–∞–µ—Ç—Å—è –æ–±–ª–∞—Å—Ç—å  –æ–±—Ä
                                                  –∞–±–æ—Ç–∫–∏ –µ—Å—Ç–µ—Å—Ç–...

You may provide a definition with
\DeclareUnicodeCharacter 


! Package inputenc Error: Unicode character –∞ (U+0430)
(inputenc)                not set up for use with LaTeX.

See the inputenc package documentation for explanation.
Type  H <return>  for immediate help.
 ...                                              
                                                  
l.2 ...–∑–≤–∏–≤–∞–µ—Ç—Å—è –æ–±–ª–∞—Å—Ç—å  –æ–±—Ä–∞
                                                  –±–æ—Ç–∫–∏ –µ—Å—Ç–µ—Å—Ç–≤–...

You may provide a definition with
\DeclareUnicodeCharacter 


! Package inputenc Error: Unicode character –± (U+0431)
(inputenc)                not set up for use with LaTeX.

See the inputenc package documentation for explanation.
Type  H <return>  for immediate help.
 ...                                              
                                                  
l.2 ...–≤–∏–≤–∞–µ—Ç—Å—è –æ–±–ª–∞—Å—Ç—å  –æ–±—Ä–∞–±
                                                  –æ—Ç–∫–∏ –µ—Å—Ç–µ—Å—Ç–≤–µ–...

You may provide a definition with
\DeclareUnicodeCharacter 


! Package inputenc Error: Unicode character –æ (U+043E)
(inputenc)                not set up for use with LaTeX.

See the inputenc package documentation for explanation.
Type  H <return>  for immediate help.
 ...                                              
                                                  
l.2 ...–∏–≤–∞–µ—Ç—Å—è –æ–±–ª–∞—Å—Ç—å  –æ–±—Ä–∞–±–æ
                                                  —Ç–∫–∏ –µ—Å—Ç–µ—Å—Ç–≤–µ–Ω–...

You may provide a definition with
\DeclareUnicodeCharacter 


! Package inputenc Error: Unicode character —Ç (U+0442)
(inputenc)                not set up for use with LaTeX.

See the inputenc package documentation for explanation.
Type  H <return>  for immediate help.
 ...                                              
                                                  
l.2 ...–≤–∞–µ—Ç—Å—è –æ–±–ª–∞—Å—Ç—å  –æ–±—Ä–∞–±–æ—Ç
                                                  –∫–∏ –µ—Å—Ç–µ—Å—Ç–≤–µ–Ω–Ω—...

You may provide a definition with
\DeclareUnicodeCharacter 


! Package inputenc Error: Unicode character –∫ (U+043A)
(inputenc)                not set up for use with LaTeX.

See the inputenc package documentation for explanation.
Type  H <return>  for immediate help.
 ...                                              
                                                  
l.2 ...–∞–µ—Ç—Å—è –æ–±–ª–∞—Å—Ç—å  –æ–±—Ä–∞–±–æ—Ç–∫
                                                  –∏ –µ—Å—Ç–µ—Å—Ç–≤–µ–Ω–Ω—ã—...

You may provide a definition with
\DeclareUnicodeCharacter 


! Package inputenc Error: Unicode character –∏ (U+0438)
(inputenc)                not set up for use with LaTeX.

See the inputenc package documentation for explanation.
Type  H <return>  for immediate help.
 ...                                              
                                                  
l.2 ...–µ—Ç—Å—è –æ–±–ª–∞—Å—Ç—å  –æ–±—Ä–∞–±–æ—Ç–∫–∏
                                                   –µ—Å—Ç–µ—Å—Ç–≤–µ–Ω–Ω—ã—Ö ...

You may provide a definition with
\DeclareUnicodeCharacter 


! Package inputenc Error: Unicode character –µ (U+0435)
(inputenc)                not set up for use with LaTeX.

See the inputenc package documentation for explanation.
Type  H <return>  for immediate help.
 ...                                              
                                                  
l.2 ...Ç—Å—è –æ–±–ª–∞—Å—Ç—å  –æ–±—Ä–∞–±–æ—Ç–∫–∏ –µ
                                                  —Å—Ç–µ—Å—Ç–≤–µ–Ω–Ω—ã—Ö —è–...

You may provide a definition with
\DeclareUnicodeCharacter 


! Package inputenc Error: Unicode character —Å (U+0441)
(inputenc)                not set up for use with LaTeX.

See the inputenc package documentation for explanation.
Type  H <return>  for immediate help.
 ...                                              
                                                  
l.2 ...Å—è –æ–±–ª–∞—Å—Ç—å  –æ–±—Ä–∞–±–æ—Ç–∫–∏ –µ—Å
                                                  —Ç–µ—Å—Ç–≤–µ–Ω–Ω—ã—Ö —è–∑—...

You may provide a definition with
\DeclareUnicodeCharacter 


! Package inputenc Error: Unicode character —Ç (U+0442)
(inputenc)                not set up for use with LaTeX.

See the inputenc package documentation for explanation.
Type  H <return>  for immediate help.
 ...                                              
                                                  
l.2 ...è –æ–±–ª–∞—Å—Ç—å  –æ–±—Ä–∞–±–æ—Ç–∫–∏ –µ—Å—Ç
                                                  –µ—Å—Ç–≤–µ–Ω–Ω—ã—Ö —è–∑—ã–...

You may provide a definition with
\DeclareUnicodeCharacter 


! Package inputenc Error: Unicode character –µ (U+0435)
(inputenc)                not set up for use with LaTeX.

See the inputenc package documentation for explanation.
Type  H <return>  for immediate help.
 ...                                              
                                                  
l.2 ...–æ–±–ª–∞—Å—Ç—å  –æ–±—Ä–∞–±–æ—Ç–∫–∏ –µ—Å—Ç–µ
                                                  —Å—Ç–≤–µ–Ω–Ω—ã—Ö —è–∑—ã–∫–...

You may provide a definition with
\DeclareUnicodeCharacter 


! Package inputenc Error: Unicode character —Å (U+0441)
(inputenc)                not set up for use with LaTeX.

See the inputenc package documentation for explanation.
Type  H <return>  for immediate help.
 ...                                              
                                                  
l.2 ...–±–ª–∞—Å—Ç—å  –æ–±—Ä–∞–±–æ—Ç–∫–∏ –µ—Å—Ç–µ—Å
                                                  —Ç–≤–µ–Ω–Ω—ã—Ö —è–∑—ã–∫–æ–...

You may provide a definition with
\DeclareUnicodeCharacter 


! Package inputenc Error: Unicode character —Ç (U+0442)
(inputenc)                not set up for use with LaTeX.

See the inputenc package documentation for explanation.
Type  H <return>  for immediate help.
 ...                                              
                                                  
l.2 ...–ª–∞—Å—Ç—å  –æ–±—Ä–∞–±–æ—Ç–∫–∏ –µ—Å—Ç–µ—Å—Ç
                                                  –≤–µ–Ω–Ω—ã—Ö —è–∑—ã–∫–æ–≤....

You may provide a definition with
\DeclareUnicodeCharacter 


! Package inputenc Error: Unicode character –≤ (U+0432)
(inputenc)                not set up for use with LaTeX.

See the inputenc package documentation for explanation.
Type  H <return>  for immediate help.
 ...                                              
                                                  
l.2 ...–∞—Å—Ç—å  –æ–±—Ä–∞–±–æ—Ç–∫–∏ –µ—Å—Ç–µ—Å—Ç–≤
                                                  –µ–Ω–Ω—ã—Ö —è–∑—ã–∫–æ–≤. –...

You may provide a definition with
\DeclareUnicodeCharacter 


! Package inputenc Error: Unicode character –µ (U+0435)
(inputenc)                not set up for use with LaTeX.

See the inputenc package documentation for explanation.
Type  H <return>  for immediate help.
 ...                                              
                                                  
l.2 ...—Å—Ç—å  –æ–±—Ä–∞–±–æ—Ç–∫–∏ –µ—Å—Ç–µ—Å—Ç–≤–µ
                                                  –Ω–Ω—ã—Ö —è–∑—ã–∫–æ–≤. –í–...

You may provide a definition with
\DeclareUnicodeCharacter 


! Package inputenc Error: Unicode character –Ω (U+043D)
(inputenc)                not set up for use with LaTeX.

See the inputenc package documentation for explanation.
Type  H <return>  for immediate help.
 ...                                              
                                                  
l.2 ...—Ç—å  –æ–±—Ä–∞–±–æ—Ç–∫–∏ –µ—Å—Ç–µ—Å—Ç–≤–µ–Ω
                                                  –Ω—ã—Ö —è–∑—ã–∫–æ–≤. –í–æ ...

You may provide a definition with
\DeclareUnicodeCharacter 


! Package inputenc Error: Unicode character –Ω (U+043D)
(inputenc)                not set up for use with LaTeX.

See the inputenc package documentation for explanation.
Type  H <return>  for immediate help.
 ...                                              
                                                  
l.2 ...—å  –æ–±—Ä–∞–±–æ—Ç–∫–∏ –µ—Å—Ç–µ—Å—Ç–≤–µ–Ω–Ω
                                                  —ã—Ö —è–∑—ã–∫–æ–≤. –í–æ  –...

You may provide a definition with
\DeclareUnicodeCharacter 


! Package inputenc Error: Unicode character —ã (U+044B)
(inputenc)                not set up for use with LaTeX.

See the inputenc package documentation for explanation.
Type  H <return>  for immediate help.
 ...                                              
                                                  
l.2 ...  –æ–±—Ä–∞–±–æ—Ç–∫–∏ –µ—Å—Ç–µ—Å—Ç–≤–µ–Ω–Ω—ã
                                                  —Ö —è–∑—ã–∫–æ–≤. –í–æ  –º–...

You may provide a definition with
\DeclareUnicodeCharacter 


! Package inputenc Error: Unicode character —Ö (U+0445)
(inputenc)                not set up for use with LaTeX.

See the inputenc package documentation for explanation.
Type  H <return>  for immediate help.
 ...                                              
                                                  
l.2 ...–æ–±—Ä–∞–±–æ—Ç–∫–∏ –µ—Å—Ç–µ—Å—Ç–≤–µ–Ω–Ω—ã—Ö
                                                   —è–∑—ã–∫–æ–≤. –í–æ  –º–Ω–...

You may provide a definition with
\DeclareUnicodeCharacter 


! Package inputenc Error: Unicode character —è (U+044F)
(inputenc)                not set up for use with LaTeX.

See the inputenc package documentation for explanation.
Type  H <return>  for immediate help.
 ...                                              
                                                  
l.2 ...±—Ä–∞–±–æ—Ç–∫–∏ –µ—Å—Ç–µ—Å—Ç–≤–µ–Ω–Ω—ã—Ö —è
                                                  –∑—ã–∫–æ–≤. –í–æ  –º–Ω–æ–≥...

You may provide a definition with
\DeclareUnicodeCharacter 


! Package inputenc Error: Unicode character –∑ (U+0437)
(inputenc)                not set up for use with LaTeX.

See the inputenc package documentation for explanation.
Type  H <return>  for immediate help.
 ...                                              
                                                  
l.2 ...Ä–∞–±–æ—Ç–∫–∏ –µ—Å—Ç–µ—Å—Ç–≤–µ–Ω–Ω—ã—Ö —è–∑
                                                  —ã–∫–æ–≤. –í–æ  –º–Ω–æ–≥–æ...

You may provide a definition with
\DeclareUnicodeCharacter 


! Package inputenc Error: Unicode character —ã (U+044B)
(inputenc)                not set up for use with LaTeX.

See the inputenc package documentation for explanation.
Type  H <return>  for immediate help.
 ...                                              
                                                  
l.2 ...∞–±–æ—Ç–∫–∏ –µ—Å—Ç–µ—Å—Ç–≤–µ–Ω–Ω—ã—Ö —è–∑—ã
                                                  –∫–æ–≤. –í–æ  –º–Ω–æ–≥–æ–º...

You may provide a definition with
\DeclareUnicodeCharacter 


! Package inputenc Error: Unicode character –∫ (U+043A)
(inputenc)                not set up for use with LaTeX.

See the inputenc package documentation for explanation.
Type  H <return>  for immediate help.
 ...                                              
                                                  
l.2 ...±–æ—Ç–∫–∏ –µ—Å—Ç–µ—Å—Ç–≤–µ–Ω–Ω—ã—Ö —è–∑—ã–∫
                                                  –æ–≤. –í–æ  –º–Ω–æ–≥–æ–º  ...

You may provide a definition with
\DeclareUnicodeCharacter 


! Package inputenc Error: Unicode character –æ (U+043E)
(inputenc)                not set up for use with LaTeX.

See the inputenc package documentation for explanation.
Type  H <return>  for immediate help.
 ...                                              
                                                  
l.2 ...æ—Ç–∫–∏ –µ—Å—Ç–µ—Å—Ç–≤–µ–Ω–Ω—ã—Ö —è–∑—ã–∫–æ
                                                  –≤. –í–æ  –º–Ω–æ–≥–æ–º  —ç...

You may provide a definition with
\DeclareUnicodeCharacter 


! Package inputenc Error: Unicode character –≤ (U+0432)
(inputenc)                not set up for use with LaTeX.

See the inputenc package documentation for explanation.
Type  H <return>  for immediate help.
 ...                                              
                                                  
l.2 ...Ç–∫–∏ –µ—Å—Ç–µ—Å—Ç–≤–µ–Ω–Ω—ã—Ö —è–∑—ã–∫–æ–≤
                                                  . –í–æ  –º–Ω–æ–≥–æ–º  —ç—Ç...

You may provide a definition with
\DeclareUnicodeCharacter 


! LaTeX Error: Missing \begin{document}.

See the LaTeX manual or LaTeX Companion for explanation.
Type  H <return>  for immediate help.
 ...                                              
                                                  
l.2 ...–∫–∏ –µ—Å—Ç–µ—Å—Ç–≤–µ–Ω–Ω—ã—Ö —è–∑—ã–∫–æ–≤.
                                                   –í–æ  –º–Ω–æ–≥–æ–º  —ç—Ç–...

You're in trouble here.  Try typing  <return>  to proceed.
If that doesn't work, type  X <return>  to quit.

Missing character: There is no . in font nullfont!

! Package inputenc Error: Unicode character –í (U+0412)
(inputenc)                not set up for use with LaTeX.

See the inputenc package documentation for explanation.
Type  H <return>  for immediate help.
 ...                                              
                                                  
l.2 ...∏ –µ—Å—Ç–µ—Å—Ç–≤–µ–Ω–Ω—ã—Ö —è–∑—ã–∫–æ–≤. –í
                                                  –æ  –º–Ω–æ–≥–æ–º  —ç—Ç–æ —...

You may provide a definition with
\DeclareUnicodeCharacter 


! Package inputenc Error: Unicode character –æ (U+043E)
(inputenc)                not set up for use with LaTeX.

See the inputenc package documentation for explanation.
Type  H <return>  for immediate help.
 ...                                              
                                                  
l.2 ...–µ—Å—Ç–µ—Å—Ç–≤–µ–Ω–Ω—ã—Ö —è–∑—ã–∫–æ–≤. –í–æ
                                                    –º–Ω–æ–≥–æ–º  —ç—Ç–æ —Å–...

You may provide a definition with
\DeclareUnicodeCharacter 


! Package inputenc Error: Unicode character –º (U+043C)
(inputenc)                not set up for use with LaTeX.

See the inputenc package documentation for explanation.
Type  H <return>  for immediate help.
 ...                                              
                                                  
l.2 ...—Ç–µ—Å—Ç–≤–µ–Ω–Ω—ã—Ö —è–∑—ã–∫–æ–≤. –í–æ  –º
                                                  –Ω–æ–≥–æ–º  —ç—Ç–æ —Å–≤—è–...

You may provide a definition with
\DeclareUnicodeCharacter 


! Package inputenc Error: Unicode character –Ω (U+043D)
(inputenc)                not set up for use with LaTeX.

See the inputenc package documentation for explanation.
Type  H <return>  for immediate help.
 ...                                              
                                                  
l.2 ...–µ—Å—Ç–≤–µ–Ω–Ω—ã—Ö —è–∑—ã–∫–æ–≤. –í–æ  –º–Ω
                                                  –æ–≥–æ–º  —ç—Ç–æ —Å–≤—è–∑–...

You may provide a definition with
\DeclareUnicodeCharacter 


! Package inputenc Error: Unicode character –æ (U+043E)
(inputenc)                not set up for use with LaTeX.

See the inputenc package documentation for explanation.
Type  H <return>  for immediate help.
 ...                                              
                                                  
l.2 ...—Å—Ç–≤–µ–Ω–Ω—ã—Ö —è–∑—ã–∫–æ–≤. –í–æ  –º–Ω–æ
                                                  –≥–æ–º  —ç—Ç–æ —Å–≤—è–∑–∞–...

You may provide a definition with
\DeclareUnicodeCharacter 


! Package inputenc Error: Unicode character –≥ (U+0433)
(inputenc)                not set up for use with LaTeX.

See the inputenc package documentation for explanation.
Type  H <return>  for immediate help.
 ...                                              
                                                  
l.2 ...—Ç–≤–µ–Ω–Ω—ã—Ö —è–∑—ã–∫–æ–≤. –í–æ  –º–Ω–æ–≥
                                                  –æ–º  —ç—Ç–æ —Å–≤—è–∑–∞–Ω–...

You may provide a definition with
\DeclareUnicodeCharacter 


! Package inputenc Error: Unicode character –æ (U+043E)
(inputenc)                not set up for use with LaTeX.

See the inputenc package documentation for explanation.
Type  H <return>  for immediate help.
 ...                                              
                                                  
l.2 ...–≤–µ–Ω–Ω—ã—Ö —è–∑—ã–∫–æ–≤. –í–æ  –º–Ω–æ–≥–æ
                                                  –º  —ç—Ç–æ —Å–≤—è–∑–∞–Ω–æ ...

You may provide a definition with
\DeclareUnicodeCharacter 


! Package inputenc Error: Unicode character –º (U+043C)
(inputenc)                not set up for use with LaTeX.

See the inputenc package documentation for explanation.
Type  H <return>  for immediate help.
 ...                                              
                                                  
l.2 ...–µ–Ω–Ω—ã—Ö —è–∑—ã–∫–æ–≤. –í–æ  –º–Ω–æ–≥–æ–º
                                                    —ç—Ç–æ —Å–≤—è–∑–∞–Ω–æ —Å...

You may provide a definition with
\DeclareUnicodeCharacter 


! Package inputenc Error: Unicode character —ç (U+044D)
(inputenc)                not set up for use with LaTeX.

See the inputenc package documentation for explanation.
Type  H <return>  for immediate help.
 ...                                              
                                                  
l.2 ...–Ω—ã—Ö —è–∑—ã–∫–æ–≤. –í–æ  –º–Ω–æ–≥–æ–º  —ç
                                                  —Ç–æ —Å–≤—è–∑–∞–Ω–æ —Å —Ç–...

You may provide a definition with
\DeclareUnicodeCharacter 


! Package inputenc Error: Unicode character —Ç (U+0442)
(inputenc)                not set up for use with LaTeX.

See the inputenc package documentation for explanation.
Type  H <return>  for immediate help.
 ...                                              
                                                  
l.2 ...—ã—Ö —è–∑—ã–∫–æ–≤. –í–æ  –º–Ω–æ–≥–æ–º  —ç—Ç
                                                  –æ —Å–≤—è–∑–∞–Ω–æ —Å —Ç–µ–...

You may provide a definition with
\DeclareUnicodeCharacter 


! Package inputenc Error: Unicode character –æ (U+043E)
(inputenc)                not set up for use with LaTeX.

See the inputenc package documentation for explanation.
Type  H <return>  for immediate help.
 ...                                              
                                                  
l.2 ...—Ö —è–∑—ã–∫–æ–≤. –í–æ  –º–Ω–æ–≥–æ–º  —ç—Ç–æ
                                                   —Å–≤—è–∑–∞–Ω–æ —Å —Ç–µ–º,...

You may provide a definition with
\DeclareUnicodeCharacter 


! Package inputenc Error: Unicode character —Å (U+0441)
(inputenc)                not set up for use with LaTeX.

See the inputenc package documentation for explanation.
Type  H <return>  for immediate help.
 ...                                              
                                                  
l.2 ...—è–∑—ã–∫–æ–≤. –í–æ  –º–Ω–æ–≥–æ–º  —ç—Ç–æ —Å
                                                  –≤—è–∑–∞–Ω–æ —Å —Ç–µ–º, —á...

You may provide a definition with
\DeclareUnicodeCharacter 


! Package inputenc Error: Unicode character –≤ (U+0432)
(inputenc)                not set up for use with LaTeX.

See the inputenc package documentation for explanation.
Type  H <return>  for immediate help.
 ...                                              
                                                  
l.2 ...–∑—ã–∫–æ–≤. –í–æ  –º–Ω–æ–≥–æ–º  —ç—Ç–æ —Å–≤
                                                  —è–∑–∞–Ω–æ —Å —Ç–µ–º, —á—Ç...

You may provide a definition with
\DeclareUnicodeCharacter 


! Package inputenc Error: Unicode character —è (U+044F)
(inputenc)                not set up for use with LaTeX.

See the inputenc package documentation for explanation.
Type  H <return>  for immediate help.
 ...                                              
                                                  
l.2 ...—ã–∫–æ–≤. –í–æ  –º–Ω–æ–≥–æ–º  —ç—Ç–æ —Å–≤—è
                                                  –∑–∞–Ω–æ —Å —Ç–µ–º, —á—Ç–æ...

You may provide a definition with
\DeclareUnicodeCharacter 


! Package inputenc Error: Unicode character –∑ (U+0437)
(inputenc)                not set up for use with LaTeX.

See the inputenc package documentation for explanation.
Type  H <return>  for immediate help.
 ...                                              
                                                  
l.2 ...–∫–æ–≤. –í–æ  –º–Ω–æ–≥–æ–º  —ç—Ç–æ —Å–≤—è–∑
                                                  –∞–Ω–æ —Å —Ç–µ–º, —á—Ç–æ —...

You may provide a definition with
\DeclareUnicodeCharacter 


! Package inputenc Error: Unicode character –∞ (U+0430)
(inputenc)                not set up for use with LaTeX.

See the inputenc package documentation for explanation.
Type  H <return>  for immediate help.
 ...                                              
                                                  
l.2 ...–æ–≤. –í–æ  –º–Ω–æ–≥–æ–º  —ç—Ç–æ —Å–≤—è–∑–∞
                                                  –Ω–æ —Å —Ç–µ–º, —á—Ç–æ —Å ...

You may provide a definition with
\DeclareUnicodeCharacter 


! Package inputenc Error: Unicode character –Ω (U+043D)
(inputenc)                not set up for use with LaTeX.

See the inputenc package documentation for explanation.
Type  H <return>  for immediate help.
 ...                                              
                                                  
l.2 ...–≤. –í–æ  –º–Ω–æ–≥–æ–º  —ç—Ç–æ —Å–≤—è–∑–∞–Ω
                                                  –æ —Å —Ç–µ–º, —á—Ç–æ —Å –∫...

You may provide a definition with
\DeclareUnicodeCharacter 


! Package inputenc Error: Unicode character –æ (U+043E)
(inputenc)                not set up for use with LaTeX.

See the inputenc package documentation for explanation.
Type  H <return>  for immediate help.
 ...                                              
                                                  
l.2 .... –í–æ  –º–Ω–æ–≥–æ–º  —ç—Ç–æ —Å–≤—è–∑–∞–Ω–æ
                                                   —Å —Ç–µ–º, —á—Ç–æ —Å –∫–∞...

You may provide a definition with
\DeclareUnicodeCharacter 


! Package inputenc Error: Unicode character —Å (U+0441)
(inputenc)                not set up for use with LaTeX.

See the inputenc package documentation for explanation.
Type  H <return>  for immediate help.
 ...                                              
                                                  
l.2 ...í–æ  –º–Ω–æ–≥–æ–º  —ç—Ç–æ —Å–≤—è–∑–∞–Ω–æ —Å
                                                   —Ç–µ–º, —á—Ç–æ —Å –∫–∞–∂–...
(That makes 100 errors; please try again.) 
Here is how much of TeX's memory you used:
 30 strings out of 492616
 443 string characters out of 6129482
 57705 words of memory out of 5000000
 4049 multiletter control sequences out of 15000+600000
 3640 words of font info for 14 fonts, out of 8000000 for 9000
 1141 hyphenation exceptions out of 8191
 10i,0n,10p,844b,14s stack positions out of 5000i,500n,10000p,200000b,80000s

!  ==> Fatal error occurred, no output PDF file produced!
